{"meta": {"format": 3, "version": "7.10.4", "timestamp": "2025-08-19T00:57:12.505731", "branch_coverage": false, "show_contexts": false}, "files": {"sql_synthesizer/adaptive_caching.py": {"executed_lines": [], "summary": {"covered_lines": 0, "num_statements": 271, "percent_covered": 0.0, "percent_covered_display": "0.00", "missing_lines": 271, "excluded_lines": 0}, "missing_lines": [7, 8, 9, 10, 11, 12, 13, 14, 16, 19, 22, 23, 24, 25, 26, 29, 32, 33, 34, 35, 36, 39, 40, 43, 44, 45, 46, 47, 48, 49, 50, 51, 52, 53, 56, 57, 60, 61, 62, 63, 64, 65, 66, 69, 72, 78, 79, 80, 81, 82, 83, 86, 87, 88, 89, 90, 95, 96, 99, 100, 101, 104, 106, 109, 110, 111, 112, 113, 114, 115, 117, 118, 120, 129, 131, 132, 135, 138, 140, 141, 145, 146, 147, 148, 151, 152, 153, 156, 157, 159, 161, 163, 164, 165, 166, 167, 169, 172, 173, 174, 175, 176, 177, 180, 181, 182, 183, 185, 187, 199, 202, 206, 207, 210, 212, 213, 216, 230, 233, 234, 236, 241, 243, 244, 246, 247, 248, 250, 251, 253, 255, 257, 258, 259, 264, 265, 266, 267, 268, 269, 271, 274, 275, 276, 279, 281, 299, 301, 302, 305, 306, 308, 310, 311, 314, 315, 316, 317, 318, 319, 320, 321, 323, 325, 327, 329, 331, 332, 335, 336, 339, 340, 342, 343, 344, 346, 349, 350, 351, 352, 354, 355, 356, 358, 362, 366, 367, 370, 371, 374, 381, 383, 385, 386, 387, 388, 390, 392, 393, 394, 397, 398, 399, 401, 403, 407, 417, 419, 420, 422, 423, 424, 426, 427, 428, 430, 431, 433, 435, 436, 439, 442, 443, 444, 445, 447, 449, 450, 453, 454, 458, 460, 461, 463, 464, 465, 468, 472, 473, 476, 477, 478, 480, 481, 483, 484, 487, 488, 489, 490, 491, 493, 495, 497, 499, 500, 502, 505, 506, 508, 509, 512, 514, 516, 518, 520, 523, 525, 526, 530, 531], "excluded_lines": [], "functions": {"AdaptiveCacheManager.__init__": {"executed_lines": [], "summary": {"covered_lines": 0, "num_statements": 17, "percent_covered": 0.0, "percent_covered_display": "0.00", "missing_lines": 17, "excluded_lines": 0}, "missing_lines": [78, 79, 80, 81, 82, 83, 86, 87, 88, 89, 90, 95, 96, 99, 100, 101, 104], "excluded_lines": []}, "AdaptiveCacheManager._start_cleanup_task": {"executed_lines": [], "summary": {"covered_lines": 0, "num_statements": 3, "percent_covered": 0.0, "percent_covered_display": "0.00", "missing_lines": 3, "excluded_lines": 0}, "missing_lines": [109, 117, 118], "excluded_lines": []}, "AdaptiveCacheManager._start_cleanup_task.cleanup_loop": {"executed_lines": [], "summary": {"covered_lines": 0, "num_statements": 6, "percent_covered": 0.0, "percent_covered_display": "0.00", "missing_lines": 6, "excluded_lines": 0}, "missing_lines": [110, 111, 112, 113, 114, 115], "excluded_lines": []}, "AdaptiveCacheManager.should_cache": {"executed_lines": [], "summary": {"covered_lines": 0, "num_statements": 17, "percent_covered": 0.0, "percent_covered_display": "0.00", "missing_lines": 17, "excluded_lines": 0}, "missing_lines": [129, 131, 132, 135, 138, 140, 141, 145, 146, 147, 148, 151, 152, 153, 156, 157, 159], "excluded_lines": []}, "AdaptiveCacheManager.get": {"executed_lines": [], "summary": {"covered_lines": 0, "num_statements": 17, "percent_covered": 0.0, "percent_covered_display": "0.00", "missing_lines": 17, "excluded_lines": 0}, "missing_lines": [163, 164, 165, 166, 167, 169, 172, 173, 174, 175, 176, 177, 180, 181, 182, 183, 185], "excluded_lines": []}, "AdaptiveCacheManager.set": {"executed_lines": [], "summary": {"covered_lines": 0, "num_statements": 12, "percent_covered": 0.0, "percent_covered_display": "0.00", "missing_lines": 12, "excluded_lines": 0}, "missing_lines": [199, 202, 206, 207, 210, 212, 213, 216, 230, 233, 234, 236], "excluded_lines": []}, "AdaptiveCacheManager.invalidate_by_tags": {"executed_lines": [], "summary": {"covered_lines": 0, "num_statements": 8, "percent_covered": 0.0, "percent_covered_display": "0.00", "missing_lines": 8, "excluded_lines": 0}, "missing_lines": [243, 244, 246, 247, 248, 250, 251, 253], "excluded_lines": []}, "AdaptiveCacheManager.get_statistics": {"executed_lines": [], "summary": {"covered_lines": 0, "num_statements": 15, "percent_covered": 0.0, "percent_covered_display": "0.00", "missing_lines": 15, "excluded_lines": 0}, "missing_lines": [257, 258, 259, 264, 265, 266, 267, 268, 269, 271, 274, 275, 276, 279, 281], "excluded_lines": []}, "AdaptiveCacheManager._record_access": {"executed_lines": [], "summary": {"covered_lines": 0, "num_statements": 4, "percent_covered": 0.0, "percent_covered_display": "0.00", "missing_lines": 4, "excluded_lines": 0}, "missing_lines": [301, 302, 305, 306], "excluded_lines": []}, "AdaptiveCacheManager._is_expired": {"executed_lines": [], "summary": {"covered_lines": 0, "num_statements": 11, "percent_covered": 0.0, "percent_covered_display": "0.00", "missing_lines": 11, "excluded_lines": 0}, "missing_lines": [310, 311, 314, 315, 316, 317, 318, 319, 320, 321, 323], "excluded_lines": []}, "AdaptiveCacheManager._get_memory_pressure": {"executed_lines": [], "summary": {"covered_lines": 0, "num_statements": 1, "percent_covered": 0.0, "percent_covered_display": "0.00", "missing_lines": 1, "excluded_lines": 0}, "missing_lines": [327], "excluded_lines": []}, "AdaptiveCacheManager._ensure_memory_capacity": {"executed_lines": [], "summary": {"covered_lines": 0, "num_statements": 18, "percent_covered": 0.0, "percent_covered_display": "0.00", "missing_lines": 18, "excluded_lines": 0}, "missing_lines": [331, 332, 335, 336, 339, 340, 342, 343, 344, 346, 349, 350, 351, 352, 354, 355, 356, 358], "excluded_lines": []}, "AdaptiveCacheManager._calculate_eviction_priority": {"executed_lines": [], "summary": {"covered_lines": 0, "num_statements": 6, "percent_covered": 0.0, "percent_covered_display": "0.00", "missing_lines": 6, "excluded_lines": 0}, "missing_lines": [366, 367, 370, 371, 374, 381], "excluded_lines": []}, "AdaptiveCacheManager._remove_entry": {"executed_lines": [], "summary": {"covered_lines": 0, "num_statements": 4, "percent_covered": 0.0, "percent_covered_display": "0.00", "missing_lines": 4, "excluded_lines": 0}, "missing_lines": [385, 386, 387, 388], "excluded_lines": []}, "AdaptiveCacheManager._estimate_size": {"executed_lines": [], "summary": {"covered_lines": 0, "num_statements": 6, "percent_covered": 0.0, "percent_covered_display": "0.00", "missing_lines": 6, "excluded_lines": 0}, "missing_lines": [392, 393, 394, 397, 398, 399], "excluded_lines": []}, "AdaptiveCacheManager._get_top_accessed_keys": {"executed_lines": [], "summary": {"covered_lines": 0, "num_statements": 2, "percent_covered": 0.0, "percent_covered_display": "0.00", "missing_lines": 2, "excluded_lines": 0}, "missing_lines": [403, 407], "excluded_lines": []}, "AdaptiveCacheManager._perform_cleanup": {"executed_lines": [], "summary": {"covered_lines": 0, "num_statements": 13, "percent_covered": 0.0, "percent_covered_display": "0.00", "missing_lines": 13, "excluded_lines": 0}, "missing_lines": [419, 420, 422, 423, 424, 426, 427, 428, 430, 431, 433, 435, 436], "excluded_lines": []}, "PredictiveCacheWarmer.__init__": {"executed_lines": [], "summary": {"covered_lines": 0, "num_statements": 3, "percent_covered": 0.0, "percent_covered_display": "0.00", "missing_lines": 3, "excluded_lines": 0}, "missing_lines": [443, 444, 445], "excluded_lines": []}, "PredictiveCacheWarmer.record_query_execution": {"executed_lines": [], "summary": {"covered_lines": 0, "num_statements": 4, "percent_covered": 0.0, "percent_covered_display": "0.00", "missing_lines": 4, "excluded_lines": 0}, "missing_lines": [449, 450, 453, 454], "excluded_lines": []}, "PredictiveCacheWarmer.predict_next_queries": {"executed_lines": [], "summary": {"covered_lines": 0, "num_statements": 21, "percent_covered": 0.0, "percent_covered_display": "0.00", "missing_lines": 21, "excluded_lines": 0}, "missing_lines": [460, 461, 463, 464, 465, 468, 472, 473, 476, 477, 478, 480, 481, 483, 484, 487, 488, 489, 490, 491, 493], "excluded_lines": []}, "PredictiveCacheWarmer.warm_cache_proactively": {"executed_lines": [], "summary": {"covered_lines": 0, "num_statements": 11, "percent_covered": 0.0, "percent_covered_display": "0.00", "missing_lines": 11, "excluded_lines": 0}, "missing_lines": [497, 499, 500, 502, 505, 506, 508, 509, 512, 514, 516], "excluded_lines": []}, "PredictiveCacheWarmer._warm_single_query": {"executed_lines": [], "summary": {"covered_lines": 0, "num_statements": 4, "percent_covered": 0.0, "percent_covered_display": "0.00", "missing_lines": 4, "excluded_lines": 0}, "missing_lines": [520, 523, 525, 526], "excluded_lines": []}, "": {"executed_lines": [], "summary": {"covered_lines": 0, "num_statements": 68, "percent_covered": 0.0, "percent_covered_display": "0.00", "missing_lines": 68, "excluded_lines": 0}, "missing_lines": [7, 8, 9, 10, 11, 12, 13, 14, 16, 19, 22, 23, 24, 25, 26, 29, 32, 33, 34, 35, 36, 39, 40, 43, 44, 45, 46, 47, 48, 49, 50, 51, 52, 53, 56, 57, 60, 61, 62, 63, 64, 65, 66, 69, 72, 106, 120, 161, 187, 241, 255, 299, 308, 325, 329, 362, 383, 390, 401, 417, 439, 442, 447, 458, 495, 518, 530, 531], "excluded_lines": []}}, "classes": {"CacheStrategy": {"executed_lines": [], "summary": {"covered_lines": 0, "num_statements": 0, "percent_covered": 100.0, "percent_covered_display": "100.00", "missing_lines": 0, "excluded_lines": 0}, "missing_lines": [], "excluded_lines": []}, "DataFreshness": {"executed_lines": [], "summary": {"covered_lines": 0, "num_statements": 0, "percent_covered": 100.0, "percent_covered_display": "100.00", "missing_lines": 0, "excluded_lines": 0}, "missing_lines": [], "excluded_lines": []}, "CacheEntry": {"executed_lines": [], "summary": {"covered_lines": 0, "num_statements": 0, "percent_covered": 100.0, "percent_covered_display": "100.00", "missing_lines": 0, "excluded_lines": 0}, "missing_lines": [], "excluded_lines": []}, "QueryPattern": {"executed_lines": [], "summary": {"covered_lines": 0, "num_statements": 0, "percent_covered": 100.0, "percent_covered_display": "100.00", "missing_lines": 0, "excluded_lines": 0}, "missing_lines": [], "excluded_lines": []}, "AdaptiveCacheManager": {"executed_lines": [], "summary": {"covered_lines": 0, "num_statements": 160, "percent_covered": 0.0, "percent_covered_display": "0.00", "missing_lines": 160, "excluded_lines": 0}, "missing_lines": [78, 79, 80, 81, 82, 83, 86, 87, 88, 89, 90, 95, 96, 99, 100, 101, 104, 109, 110, 111, 112, 113, 114, 115, 117, 118, 129, 131, 132, 135, 138, 140, 141, 145, 146, 147, 148, 151, 152, 153, 156, 157, 159, 163, 164, 165, 166, 167, 169, 172, 173, 174, 175, 176, 177, 180, 181, 182, 183, 185, 199, 202, 206, 207, 210, 212, 213, 216, 230, 233, 234, 236, 243, 244, 246, 247, 248, 250, 251, 253, 257, 258, 259, 264, 265, 266, 267, 268, 269, 271, 274, 275, 276, 279, 281, 301, 302, 305, 306, 310, 311, 314, 315, 316, 317, 318, 319, 320, 321, 323, 327, 331, 332, 335, 336, 339, 340, 342, 343, 344, 346, 349, 350, 351, 352, 354, 355, 356, 358, 366, 367, 370, 371, 374, 381, 385, 386, 387, 388, 392, 393, 394, 397, 398, 399, 403, 407, 419, 420, 422, 423, 424, 426, 427, 428, 430, 431, 433, 435, 436], "excluded_lines": []}, "PredictiveCacheWarmer": {"executed_lines": [], "summary": {"covered_lines": 0, "num_statements": 43, "percent_covered": 0.0, "percent_covered_display": "0.00", "missing_lines": 43, "excluded_lines": 0}, "missing_lines": [443, 444, 445, 449, 450, 453, 454, 460, 461, 463, 464, 465, 468, 472, 473, 476, 477, 478, 480, 481, 483, 484, 487, 488, 489, 490, 491, 493, 497, 499, 500, 502, 505, 506, 508, 509, 512, 514, 516, 520, 523, 525, 526], "excluded_lines": []}, "": {"executed_lines": [], "summary": {"covered_lines": 0, "num_statements": 68, "percent_covered": 0.0, "percent_covered_display": "0.00", "missing_lines": 68, "excluded_lines": 0}, "missing_lines": [7, 8, 9, 10, 11, 12, 13, 14, 16, 19, 22, 23, 24, 25, 26, 29, 32, 33, 34, 35, 36, 39, 40, 43, 44, 45, 46, 47, 48, 49, 50, 51, 52, 53, 56, 57, 60, 61, 62, 63, 64, 65, 66, 69, 72, 106, 120, 161, 187, 241, 255, 299, 308, 325, 329, 362, 383, 390, 401, 417, 439, 442, 447, 458, 495, 518, 530, 531], "excluded_lines": []}}}, "sql_synthesizer/async_openai_adapter.py": {"executed_lines": [1, 3, 5, 6, 8, 9, 13, 14, 15, 21, 27, 28, 30, 53, 125, 129], "summary": {"covered_lines": 14, "num_statements": 53, "percent_covered": 26.41509433962264, "percent_covered_display": "26.42", "missing_lines": 39, "excluded_lines": 2}, "missing_lines": [38, 39, 41, 42, 43, 44, 47, 58, 59, 60, 63, 64, 65, 72, 73, 74, 75, 77, 89, 90, 91, 97, 100, 101, 103, 104, 105, 108, 111, 113, 114, 115, 116, 117, 118, 122, 123, 127, 131], "excluded_lines": [10, 11], "functions": {"AsyncOpenAIAdapter.__init__": {"executed_lines": [], "summary": {"covered_lines": 0, "num_statements": 7, "percent_covered": 0.0, "percent_covered_display": "0.00", "missing_lines": 7, "excluded_lines": 0}, "missing_lines": [38, 39, 41, 42, 43, 44, 47], "excluded_lines": []}, "AsyncOpenAIAdapter.generate_sql": {"executed_lines": [], "summary": {"covered_lines": 0, "num_statements": 30, "percent_covered": 0.0, "percent_covered_display": "0.00", "missing_lines": 30, "excluded_lines": 0}, "missing_lines": [58, 59, 60, 63, 64, 65, 72, 73, 74, 75, 77, 89, 90, 91, 97, 100, 101, 103, 104, 105, 108, 111, 113, 114, 115, 116, 117, 118, 122, 123], "excluded_lines": []}, "AsyncOpenAIAdapter.get_provider_name": {"executed_lines": [], "summary": {"covered_lines": 0, "num_statements": 1, "percent_covered": 0.0, "percent_covered_display": "0.00", "missing_lines": 1, "excluded_lines": 0}, "missing_lines": [127], "excluded_lines": []}, "AsyncOpenAIAdapter.get_model_name": {"executed_lines": [], "summary": {"covered_lines": 0, "num_statements": 1, "percent_covered": 0.0, "percent_covered_display": "0.00", "missing_lines": 1, "excluded_lines": 0}, "missing_lines": [131], "excluded_lines": []}, "": {"executed_lines": [1, 3, 5, 6, 8, 9, 13, 14, 15, 21, 27, 28, 30, 53, 125, 129], "summary": {"covered_lines": 14, "num_statements": 14, "percent_covered": 100.0, "percent_covered_display": "100.00", "missing_lines": 0, "excluded_lines": 2}, "missing_lines": [], "excluded_lines": [10, 11]}}, "classes": {"AsyncOpenAIAdapter": {"executed_lines": [], "summary": {"covered_lines": 0, "num_statements": 39, "percent_covered": 0.0, "percent_covered_display": "0.00", "missing_lines": 39, "excluded_lines": 0}, "missing_lines": [38, 39, 41, 42, 43, 44, 47, 58, 59, 60, 63, 64, 65, 72, 73, 74, 75, 77, 89, 90, 91, 97, 100, 101, 103, 104, 105, 108, 111, 113, 114, 115, 116, 117, 118, 122, 123, 127, 131], "excluded_lines": []}, "": {"executed_lines": [1, 3, 5, 6, 8, 9, 13, 14, 15, 21, 27, 28, 30, 53, 125, 129], "summary": {"covered_lines": 14, "num_statements": 14, "percent_covered": 100.0, "percent_covered_display": "100.00", "missing_lines": 0, "excluded_lines": 2}, "missing_lines": [], "excluded_lines": [10, 11]}}}, "sql_synthesizer/async_query_agent.py": {"executed_lines": [1, 3, 4, 5, 7, 8, 9, 11, 12, 13, 14, 15, 16, 17, 18, 20, 23, 24, 26, 160, 177, 194, 226, 247, 255, 290, 334, 342, 346, 350, 359, 368, 378, 382], "summary": {"covered_lines": 32, "num_statements": 112, "percent_covered": 28.571428571428573, "percent_covered_display": "28.57", "missing_lines": 80, "excluded_lines": 0}, "missing_lines": [57, 58, 59, 60, 63, 64, 66, 69, 79, 80, 90, 97, 103, 107, 108, 111, 114, 117, 122, 125, 126, 127, 135, 138, 150, 173, 190, 213, 214, 217, 218, 219, 222, 240, 241, 243, 253, 264, 266, 277, 278, 279, 288, 301, 302, 304, 307, 308, 309, 310, 313, 314, 315, 316, 317, 318, 319, 320, 321, 322, 323, 326, 327, 329, 330, 332, 340, 344, 348, 357, 366, 370, 371, 372, 373, 374, 375, 376, 380, 384], "excluded_lines": [], "functions": {"AsyncQueryAgent.__init__": {"executed_lines": [], "summary": {"covered_lines": 0, "num_statements": 25, "percent_covered": 0.0, "percent_covered_display": "0.00", "missing_lines": 25, "excluded_lines": 0}, "missing_lines": [57, 58, 59, 60, 63, 64, 66, 69, 79, 80, 90, 97, 103, 107, 108, 111, 114, 117, 122, 125, 126, 127, 135, 138, 150], "excluded_lines": []}, "AsyncQueryAgent.query": {"executed_lines": [], "summary": {"covered_lines": 0, "num_statements": 1, "percent_covered": 0.0, "percent_covered_display": "0.00", "missing_lines": 1, "excluded_lines": 0}, "missing_lines": [173], "excluded_lines": []}, "AsyncQueryAgent.execute_sql": {"executed_lines": [], "summary": {"covered_lines": 0, "num_statements": 1, "percent_covered": 0.0, "percent_covered_display": "0.00", "missing_lines": 1, "excluded_lines": 0}, "missing_lines": [190], "excluded_lines": []}, "AsyncQueryAgent.query_paginated": {"executed_lines": [], "summary": {"covered_lines": 0, "num_statements": 6, "percent_covered": 0.0, "percent_covered_display": "0.00", "missing_lines": 6, "excluded_lines": 0}, "missing_lines": [213, 214, 217, 218, 219, 222], "excluded_lines": []}, "AsyncQueryAgent.execute_sql_paginated": {"executed_lines": [], "summary": {"covered_lines": 0, "num_statements": 3, "percent_covered": 0.0, "percent_covered_display": "0.00", "missing_lines": 3, "excluded_lines": 0}, "missing_lines": [240, 241, 243], "excluded_lines": []}, "AsyncQueryAgent.list_tables": {"executed_lines": [], "summary": {"covered_lines": 0, "num_statements": 1, "percent_covered": 0.0, "percent_covered_display": "0.00", "missing_lines": 1, "excluded_lines": 0}, "missing_lines": [253], "excluded_lines": []}, "AsyncQueryAgent.describe_table": {"executed_lines": [], "summary": {"covered_lines": 0, "num_statements": 6, "percent_covered": 0.0, "percent_covered_display": "0.00", "missing_lines": 6, "excluded_lines": 0}, "missing_lines": [264, 266, 277, 278, 279, 288], "excluded_lines": []}, "AsyncQueryAgent.get_table_row_counts": {"executed_lines": [], "summary": {"covered_lines": 0, "num_statements": 9, "percent_covered": 0.0, "percent_covered_display": "0.00", "missing_lines": 9, "excluded_lines": 0}, "missing_lines": [301, 302, 304, 307, 326, 327, 329, 330, 332], "excluded_lines": []}, "AsyncQueryAgent.get_table_row_counts.get_count": {"executed_lines": [], "summary": {"covered_lines": 0, "num_statements": 14, "percent_covered": 0.0, "percent_covered_display": "0.00", "missing_lines": 14, "excluded_lines": 0}, "missing_lines": [308, 309, 310, 313, 314, 315, 316, 317, 318, 319, 320, 321, 322, 323], "excluded_lines": []}, "AsyncQueryAgent.get_cache_stats": {"executed_lines": [], "summary": {"covered_lines": 0, "num_statements": 1, "percent_covered": 0.0, "percent_covered_display": "0.00", "missing_lines": 1, "excluded_lines": 0}, "missing_lines": [340], "excluded_lines": []}, "AsyncQueryAgent.clear_cache": {"executed_lines": [], "summary": {"covered_lines": 0, "num_statements": 1, "percent_covered": 0.0, "percent_covered_display": "0.00", "missing_lines": 1, "excluded_lines": 0}, "missing_lines": [344], "excluded_lines": []}, "AsyncQueryAgent.cleanup_expired_cache_entries": {"executed_lines": [], "summary": {"covered_lines": 0, "num_statements": 1, "percent_covered": 0.0, "percent_covered_display": "0.00", "missing_lines": 1, "excluded_lines": 0}, "missing_lines": [348], "excluded_lines": []}, "AsyncQueryAgent.health_check": {"executed_lines": [], "summary": {"covered_lines": 0, "num_statements": 1, "percent_covered": 0.0, "percent_covered_display": "0.00", "missing_lines": 1, "excluded_lines": 0}, "missing_lines": [357], "excluded_lines": []}, "AsyncQueryAgent.get_connection_stats": {"executed_lines": [], "summary": {"covered_lines": 0, "num_statements": 1, "percent_covered": 0.0, "percent_covered_display": "0.00", "missing_lines": 1, "excluded_lines": 0}, "missing_lines": [366], "excluded_lines": []}, "AsyncQueryAgent.close": {"executed_lines": [], "summary": {"covered_lines": 0, "num_statements": 7, "percent_covered": 0.0, "percent_covered_display": "0.00", "missing_lines": 7, "excluded_lines": 0}, "missing_lines": [370, 371, 372, 373, 374, 375, 376], "excluded_lines": []}, "AsyncQueryAgent.__aenter__": {"executed_lines": [], "summary": {"covered_lines": 0, "num_statements": 1, "percent_covered": 0.0, "percent_covered_display": "0.00", "missing_lines": 1, "excluded_lines": 0}, "missing_lines": [380], "excluded_lines": []}, "AsyncQueryAgent.__aexit__": {"executed_lines": [], "summary": {"covered_lines": 0, "num_statements": 1, "percent_covered": 0.0, "percent_covered_display": "0.00", "missing_lines": 1, "excluded_lines": 0}, "missing_lines": [384], "excluded_lines": []}, "": {"executed_lines": [1, 3, 4, 5, 7, 8, 9, 11, 12, 13, 14, 15, 16, 17, 18, 20, 23, 24, 26, 160, 177, 194, 226, 247, 255, 290, 334, 342, 346, 350, 359, 368, 378, 382], "summary": {"covered_lines": 32, "num_statements": 32, "percent_covered": 100.0, "percent_covered_display": "100.00", "missing_lines": 0, "excluded_lines": 0}, "missing_lines": [], "excluded_lines": []}}, "classes": {"AsyncQueryAgent": {"executed_lines": [], "summary": {"covered_lines": 0, "num_statements": 80, "percent_covered": 0.0, "percent_covered_display": "0.00", "missing_lines": 80, "excluded_lines": 0}, "missing_lines": [57, 58, 59, 60, 63, 64, 66, 69, 79, 80, 90, 97, 103, 107, 108, 111, 114, 117, 122, 125, 126, 127, 135, 138, 150, 173, 190, 213, 214, 217, 218, 219, 222, 240, 241, 243, 253, 264, 266, 277, 278, 279, 288, 301, 302, 304, 307, 308, 309, 310, 313, 314, 315, 316, 317, 318, 319, 320, 321, 322, 323, 326, 327, 329, 330, 332, 340, 344, 348, 357, 366, 370, 371, 372, 373, 374, 375, 376, 380, 384], "excluded_lines": []}, "": {"executed_lines": [1, 3, 4, 5, 7, 8, 9, 11, 12, 13, 14, 15, 16, 17, 18, 20, 23, 24, 26, 160, 177, 194, 226, 247, 255, 290, 334, 342, 346, 350, 359, 368, 378, 382], "summary": {"covered_lines": 32, "num_statements": 32, "percent_covered": 100.0, "percent_covered_display": "100.00", "missing_lines": 0, "excluded_lines": 0}, "missing_lines": [], "excluded_lines": []}}}, "sql_synthesizer/auto_scaling_engine.py": {"executed_lines": [], "summary": {"covered_lines": 0, "num_statements": 311, "percent_covered": 0.0, "percent_covered_display": "0.00", "missing_lines": 311, "excluded_lines": 0}, "missing_lines": [7, 8, 9, 10, 11, 12, 13, 15, 17, 20, 23, 24, 25, 28, 31, 32, 33, 34, 35, 38, 41, 42, 43, 44, 45, 46, 49, 50, 53, 54, 55, 56, 57, 58, 59, 62, 63, 66, 67, 68, 69, 70, 71, 72, 73, 74, 75, 78, 79, 82, 83, 84, 85, 86, 87, 88, 89, 90, 91, 94, 97, 98, 99, 100, 101, 102, 105, 107, 109, 154, 156, 157, 159, 160, 163, 164, 166, 168, 169, 170, 171, 173, 175, 176, 177, 178, 179, 180, 181, 182, 184, 186, 188, 189, 192, 193, 194, 196, 197, 199, 201, 206, 207, 210, 211, 214, 215, 218, 219, 221, 222, 224, 226, 227, 228, 230, 231, 232, 233, 236, 237, 239, 241, 242, 244, 246, 247, 249, 251, 254, 257, 258, 259, 260, 261, 262, 265, 268, 276, 280, 293, 306, 319, 331, 333, 334, 336, 338, 339, 341, 342, 343, 346, 347, 348, 351, 352, 353, 356, 357, 358, 360, 362, 366, 375, 376, 377, 378, 380, 384, 385, 388, 389, 390, 392, 396, 397, 400, 402, 406, 407, 410, 413, 414, 415, 416, 418, 422, 424, 434, 436, 440, 441, 444, 446, 448, 453, 455, 457, 462, 464, 466, 468, 470, 471, 473, 475, 476, 478, 483, 484, 485, 488, 491, 492, 494, 496, 497, 498, 499, 500, 501, 502, 504, 510, 511, 513, 515, 517, 519, 521, 523, 525, 527, 529, 531, 533, 535, 537, 539, 541, 543, 545, 547, 548, 550, 551, 554, 555, 556, 557, 558, 559, 562, 563, 566, 569, 571, 586, 589, 595, 596, 597, 598, 599, 601, 602, 604, 606, 607, 609, 610, 613, 614, 616, 618, 620, 621, 623, 624, 627, 630, 631, 633, 635, 637, 638, 640, 643, 644, 645, 647, 648, 650, 651, 655, 658, 660, 661, 662, 664, 666, 668, 670, 672, 674, 675, 677, 694, 696, 700], "excluded_lines": [], "functions": {"MetricsCollector.__init__": {"executed_lines": [], "summary": {"covered_lines": 0, "num_statements": 6, "percent_covered": 0.0, "percent_covered_display": "0.00", "missing_lines": 6, "excluded_lines": 0}, "missing_lines": [98, 99, 100, 101, 102, 105], "excluded_lines": []}, "MetricsCollector._initialize_metrics": {"executed_lines": [], "summary": {"covered_lines": 0, "num_statements": 1, "percent_covered": 0.0, "percent_covered_display": "0.00", "missing_lines": 1, "excluded_lines": 0}, "missing_lines": [109], "excluded_lines": []}, "MetricsCollector.start_collection": {"executed_lines": [], "summary": {"covered_lines": 0, "num_statements": 6, "percent_covered": 0.0, "percent_covered_display": "0.00", "missing_lines": 6, "excluded_lines": 0}, "missing_lines": [156, 157, 159, 160, 163, 164], "excluded_lines": []}, "MetricsCollector.stop_collection": {"executed_lines": [], "summary": {"covered_lines": 0, "num_statements": 4, "percent_covered": 0.0, "percent_covered_display": "0.00", "missing_lines": 4, "excluded_lines": 0}, "missing_lines": [168, 169, 170, 171], "excluded_lines": []}, "MetricsCollector._collection_loop": {"executed_lines": [], "summary": {"covered_lines": 0, "num_statements": 8, "percent_covered": 0.0, "percent_covered_display": "0.00", "missing_lines": 8, "excluded_lines": 0}, "missing_lines": [175, 176, 177, 178, 179, 180, 181, 182], "excluded_lines": []}, "MetricsCollector._collect_system_metrics": {"executed_lines": [], "summary": {"covered_lines": 0, "num_statements": 8, "percent_covered": 0.0, "percent_covered_display": "0.00", "missing_lines": 8, "excluded_lines": 0}, "missing_lines": [186, 188, 189, 192, 193, 194, 196, 197], "excluded_lines": []}, "MetricsCollector._collect_application_metrics": {"executed_lines": [], "summary": {"covered_lines": 0, "num_statements": 11, "percent_covered": 0.0, "percent_covered_display": "0.00", "missing_lines": 11, "excluded_lines": 0}, "missing_lines": [201, 206, 207, 210, 211, 214, 215, 218, 219, 221, 222], "excluded_lines": []}, "MetricsCollector._update_metric": {"executed_lines": [], "summary": {"covered_lines": 0, "num_statements": 9, "percent_covered": 0.0, "percent_covered_display": "0.00", "missing_lines": 9, "excluded_lines": 0}, "missing_lines": [226, 227, 228, 230, 231, 232, 233, 236, 237], "excluded_lines": []}, "MetricsCollector.get_metric": {"executed_lines": [], "summary": {"covered_lines": 0, "num_statements": 2, "percent_covered": 0.0, "percent_covered_display": "0.00", "missing_lines": 2, "excluded_lines": 0}, "missing_lines": [241, 242], "excluded_lines": []}, "MetricsCollector.get_all_metrics": {"executed_lines": [], "summary": {"covered_lines": 0, "num_statements": 2, "percent_covered": 0.0, "percent_covered_display": "0.00", "missing_lines": 2, "excluded_lines": 0}, "missing_lines": [246, 247], "excluded_lines": []}, "MetricsCollector.update_external_metric": {"executed_lines": [], "summary": {"covered_lines": 0, "num_statements": 1, "percent_covered": 0.0, "percent_covered_display": "0.00", "missing_lines": 1, "excluded_lines": 0}, "missing_lines": [251], "excluded_lines": []}, "ScalingDecisionEngine.__init__": {"executed_lines": [], "summary": {"covered_lines": 0, "num_statements": 7, "percent_covered": 0.0, "percent_covered_display": "0.00", "missing_lines": 7, "excluded_lines": 0}, "missing_lines": [258, 259, 260, 261, 262, 265, 268], "excluded_lines": []}, "ScalingDecisionEngine._initialize_scaling_rules": {"executed_lines": [], "summary": {"covered_lines": 0, "num_statements": 4, "percent_covered": 0.0, "percent_covered_display": "0.00", "missing_lines": 4, "excluded_lines": 0}, "missing_lines": [280, 293, 306, 319], "excluded_lines": []}, "ScalingDecisionEngine.add_scaling_rule": {"executed_lines": [], "summary": {"covered_lines": 0, "num_statements": 2, "percent_covered": 0.0, "percent_covered_display": "0.00", "missing_lines": 2, "excluded_lines": 0}, "missing_lines": [333, 334], "excluded_lines": []}, "ScalingDecisionEngine.evaluate_scaling_decisions": {"executed_lines": [], "summary": {"covered_lines": 0, "num_statements": 15, "percent_covered": 0.0, "percent_covered_display": "0.00", "missing_lines": 15, "excluded_lines": 0}, "missing_lines": [338, 339, 341, 342, 343, 346, 347, 348, 351, 352, 353, 356, 357, 358, 360], "excluded_lines": []}, "ScalingDecisionEngine._get_metric_for_trigger": {"executed_lines": [], "summary": {"covered_lines": 0, "num_statements": 5, "percent_covered": 0.0, "percent_covered_display": "0.00", "missing_lines": 5, "excluded_lines": 0}, "missing_lines": [366, 375, 376, 377, 378], "excluded_lines": []}, "ScalingDecisionEngine._evaluate_rule": {"executed_lines": [], "summary": {"covered_lines": 0, "num_statements": 21, "percent_covered": 0.0, "percent_covered_display": "0.00", "missing_lines": 21, "excluded_lines": 0}, "missing_lines": [384, 385, 388, 389, 390, 392, 396, 397, 400, 402, 406, 407, 410, 413, 414, 415, 416, 418, 422, 424, 434], "excluded_lines": []}, "ScalingDecisionEngine._trend_supports_scaling": {"executed_lines": [], "summary": {"covered_lines": 0, "num_statements": 10, "percent_covered": 0.0, "percent_covered_display": "0.00", "missing_lines": 10, "excluded_lines": 0}, "missing_lines": [440, 441, 444, 446, 448, 453, 455, 457, 462, 464], "excluded_lines": []}, "ScalingDecisionEngine.execute_scaling_action": {"executed_lines": [], "summary": {"covered_lines": 0, "num_statements": 21, "percent_covered": 0.0, "percent_covered_display": "0.00", "missing_lines": 21, "excluded_lines": 0}, "missing_lines": [468, 470, 471, 473, 475, 476, 478, 483, 484, 485, 488, 491, 492, 494, 496, 497, 498, 499, 500, 501, 502], "excluded_lines": []}, "ScalingDecisionEngine._perform_scaling": {"executed_lines": [], "summary": {"covered_lines": 0, "num_statements": 18, "percent_covered": 0.0, "percent_covered_display": "0.00", "missing_lines": 18, "excluded_lines": 0}, "missing_lines": [510, 511, 513, 515, 517, 519, 521, 523, 525, 527, 529, 531, 533, 535, 537, 539, 541, 543], "excluded_lines": []}, "ScalingDecisionEngine.get_scaling_statistics": {"executed_lines": [], "summary": {"covered_lines": 0, "num_statements": 15, "percent_covered": 0.0, "percent_covered_display": "0.00", "missing_lines": 15, "excluded_lines": 0}, "missing_lines": [547, 548, 550, 551, 554, 555, 556, 557, 558, 559, 562, 563, 566, 569, 571], "excluded_lines": []}, "AutoScalingEngine.__init__": {"executed_lines": [], "summary": {"covered_lines": 0, "num_statements": 7, "percent_covered": 0.0, "percent_covered_display": "0.00", "missing_lines": 7, "excluded_lines": 0}, "missing_lines": [595, 596, 597, 598, 599, 601, 602], "excluded_lines": []}, "AutoScalingEngine.start": {"executed_lines": [], "summary": {"covered_lines": 0, "num_statements": 7, "percent_covered": 0.0, "percent_covered_display": "0.00", "missing_lines": 7, "excluded_lines": 0}, "missing_lines": [606, 607, 609, 610, 613, 614, 616], "excluded_lines": []}, "AutoScalingEngine.stop": {"executed_lines": [], "summary": {"covered_lines": 0, "num_statements": 8, "percent_covered": 0.0, "percent_covered_display": "0.00", "missing_lines": 8, "excluded_lines": 0}, "missing_lines": [620, 621, 623, 624, 627, 630, 631, 633], "excluded_lines": []}, "AutoScalingEngine._scaling_loop": {"executed_lines": [], "summary": {"covered_lines": 0, "num_statements": 15, "percent_covered": 0.0, "percent_covered_display": "0.00", "missing_lines": 15, "excluded_lines": 0}, "missing_lines": [637, 638, 640, 643, 644, 645, 647, 648, 650, 651, 655, 658, 660, 661, 662], "excluded_lines": []}, "AutoScalingEngine.update_metric": {"executed_lines": [], "summary": {"covered_lines": 0, "num_statements": 1, "percent_covered": 0.0, "percent_covered_display": "0.00", "missing_lines": 1, "excluded_lines": 0}, "missing_lines": [666], "excluded_lines": []}, "AutoScalingEngine.add_scaling_rule": {"executed_lines": [], "summary": {"covered_lines": 0, "num_statements": 1, "percent_covered": 0.0, "percent_covered_display": "0.00", "missing_lines": 1, "excluded_lines": 0}, "missing_lines": [670], "excluded_lines": []}, "AutoScalingEngine.get_status": {"executed_lines": [], "summary": {"covered_lines": 0, "num_statements": 3, "percent_covered": 0.0, "percent_covered_display": "0.00", "missing_lines": 3, "excluded_lines": 0}, "missing_lines": [674, 675, 677], "excluded_lines": []}, "AutoScalingEngine.force_scaling_evaluation": {"executed_lines": [], "summary": {"covered_lines": 0, "num_statements": 1, "percent_covered": 0.0, "percent_covered_display": "0.00", "missing_lines": 1, "excluded_lines": 0}, "missing_lines": [696], "excluded_lines": []}, "": {"executed_lines": [], "summary": {"covered_lines": 0, "num_statements": 92, "percent_covered": 0.0, "percent_covered_display": "0.00", "missing_lines": 92, "excluded_lines": 0}, "missing_lines": [7, 8, 9, 10, 11, 12, 13, 15, 17, 20, 23, 24, 25, 28, 31, 32, 33, 34, 35, 38, 41, 42, 43, 44, 45, 46, 49, 50, 53, 54, 55, 56, 57, 58, 59, 62, 63, 66, 67, 68, 69, 70, 71, 72, 73, 74, 75, 78, 79, 82, 83, 84, 85, 86, 87, 88, 89, 90, 91, 94, 97, 107, 154, 166, 173, 184, 199, 224, 239, 244, 249, 254, 257, 276, 331, 336, 362, 380, 436, 466, 504, 545, 586, 589, 604, 618, 635, 664, 668, 672, 694, 700], "excluded_lines": []}}, "classes": {"ScalingDirection": {"executed_lines": [], "summary": {"covered_lines": 0, "num_statements": 0, "percent_covered": 100.0, "percent_covered_display": "100.00", "missing_lines": 0, "excluded_lines": 0}, "missing_lines": [], "excluded_lines": []}, "ResourceType": {"executed_lines": [], "summary": {"covered_lines": 0, "num_statements": 0, "percent_covered": 100.0, "percent_covered_display": "100.00", "missing_lines": 0, "excluded_lines": 0}, "missing_lines": [], "excluded_lines": []}, "ScalingTrigger": {"executed_lines": [], "summary": {"covered_lines": 0, "num_statements": 0, "percent_covered": 100.0, "percent_covered_display": "100.00", "missing_lines": 0, "excluded_lines": 0}, "missing_lines": [], "excluded_lines": []}, "ScalingMetric": {"executed_lines": [], "summary": {"covered_lines": 0, "num_statements": 0, "percent_covered": 100.0, "percent_covered_display": "100.00", "missing_lines": 0, "excluded_lines": 0}, "missing_lines": [], "excluded_lines": []}, "ScalingRule": {"executed_lines": [], "summary": {"covered_lines": 0, "num_statements": 0, "percent_covered": 100.0, "percent_covered_display": "100.00", "missing_lines": 0, "excluded_lines": 0}, "missing_lines": [], "excluded_lines": []}, "ScalingAction": {"executed_lines": [], "summary": {"covered_lines": 0, "num_statements": 0, "percent_covered": 100.0, "percent_covered_display": "100.00", "missing_lines": 0, "excluded_lines": 0}, "missing_lines": [], "excluded_lines": []}, "MetricsCollector": {"executed_lines": [], "summary": {"covered_lines": 0, "num_statements": 58, "percent_covered": 0.0, "percent_covered_display": "0.00", "missing_lines": 58, "excluded_lines": 0}, "missing_lines": [98, 99, 100, 101, 102, 105, 109, 156, 157, 159, 160, 163, 164, 168, 169, 170, 171, 175, 176, 177, 178, 179, 180, 181, 182, 186, 188, 189, 192, 193, 194, 196, 197, 201, 206, 207, 210, 211, 214, 215, 218, 219, 221, 222, 226, 227, 228, 230, 231, 232, 233, 236, 237, 241, 242, 246, 247, 251], "excluded_lines": []}, "ScalingDecisionEngine": {"executed_lines": [], "summary": {"covered_lines": 0, "num_statements": 118, "percent_covered": 0.0, "percent_covered_display": "0.00", "missing_lines": 118, "excluded_lines": 0}, "missing_lines": [258, 259, 260, 261, 262, 265, 268, 280, 293, 306, 319, 333, 334, 338, 339, 341, 342, 343, 346, 347, 348, 351, 352, 353, 356, 357, 358, 360, 366, 375, 376, 377, 378, 384, 385, 388, 389, 390, 392, 396, 397, 400, 402, 406, 407, 410, 413, 414, 415, 416, 418, 422, 424, 434, 440, 441, 444, 446, 448, 453, 455, 457, 462, 464, 468, 470, 471, 473, 475, 476, 478, 483, 484, 485, 488, 491, 492, 494, 496, 497, 498, 499, 500, 501, 502, 510, 511, 513, 515, 517, 519, 521, 523, 525, 527, 529, 531, 533, 535, 537, 539, 541, 543, 547, 548, 550, 551, 554, 555, 556, 557, 558, 559, 562, 563, 566, 569, 571], "excluded_lines": []}, "AutoScalingEngine": {"executed_lines": [], "summary": {"covered_lines": 0, "num_statements": 43, "percent_covered": 0.0, "percent_covered_display": "0.00", "missing_lines": 43, "excluded_lines": 0}, "missing_lines": [595, 596, 597, 598, 599, 601, 602, 606, 607, 609, 610, 613, 614, 616, 620, 621, 623, 624, 627, 630, 631, 633, 637, 638, 640, 643, 644, 645, 647, 648, 650, 651, 655, 658, 660, 661, 662, 666, 670, 674, 675, 677, 696], "excluded_lines": []}, "": {"executed_lines": [], "summary": {"covered_lines": 0, "num_statements": 92, "percent_covered": 0.0, "percent_covered_display": "0.00", "missing_lines": 92, "excluded_lines": 0}, "missing_lines": [7, 8, 9, 10, 11, 12, 13, 15, 17, 20, 23, 24, 25, 28, 31, 32, 33, 34, 35, 38, 41, 42, 43, 44, 45, 46, 49, 50, 53, 54, 55, 56, 57, 58, 59, 62, 63, 66, 67, 68, 69, 70, 71, 72, 73, 74, 75, 78, 79, 82, 83, 84, 85, 86, 87, 88, 89, 90, 91, 94, 97, 107, 154, 166, 173, 184, 199, 224, 239, 244, 249, 254, 257, 276, 331, 336, 362, 380, 436, 466, 504, 545, 586, 589, 604, 618, 635, 664, 668, 672, 694, 700], "excluded_lines": []}}}, "sql_synthesizer/autonomous_sdlc/autonomous_deployment.py": {"executed_lines": [], "summary": {"covered_lines": 0, "num_statements": 293, "percent_covered": 0.0, "percent_covered_display": "0.00", "missing_lines": 293, "excluded_lines": 2}, "missing_lines": [6, 7, 8, 9, 10, 11, 12, 14, 16, 19, 20, 23, 24, 25, 26, 27, 28, 29, 32, 33, 36, 37, 38, 39, 40, 41, 42, 43, 46, 49, 50, 51, 52, 54, 59, 61, 63, 64, 67, 68, 71, 72, 75, 76, 79, 80, 82, 83, 87, 90, 91, 93, 95, 96, 97, 98, 99, 101, 103, 105, 108, 109, 110, 112, 113, 115, 122, 123, 129, 131, 133, 135, 136, 137, 139, 143, 152, 153, 159, 161, 163, 164, 165, 167, 168, 169, 171, 179, 180, 186, 190, 192, 193, 194, 196, 197, 198, 200, 210, 211, 218, 221, 222, 223, 228, 231, 232, 233, 235, 237, 239, 242, 245, 248, 249, 253, 254, 255, 266, 269, 270, 274, 276, 277, 282, 288, 290, 301, 302, 304, 315, 316, 317, 319, 329, 331, 334, 335, 336, 338, 340, 344, 347, 349, 350, 351, 356, 358, 360, 363, 366, 372, 374, 376, 378, 380, 387, 390, 391, 392, 393, 396, 398, 402, 433, 434, 435, 436, 437, 440, 441, 443, 444, 445, 447, 449, 452, 453, 458, 461, 464, 467, 470, 476, 485, 487, 489, 491, 492, 494, 496, 497, 498, 500, 502, 503, 505, 506, 508, 510, 515, 518, 519, 520, 521, 523, 524, 525, 527, 534, 539, 542, 544, 545, 558, 559, 560, 563, 566, 569, 570, 573, 575, 577, 582, 596, 597, 599, 600, 601, 603, 605, 608, 609, 612, 613, 614, 616, 617, 620, 625, 626, 630, 641, 643, 644, 646, 647, 649, 652, 654, 664, 666, 668, 669, 670, 672, 681, 683, 685, 686, 688, 692, 693, 695, 698, 699, 701, 704, 705, 708, 709, 710, 714, 722, 724, 726, 727, 730, 731, 736, 740, 742, 744, 745, 746, 747, 749, 750, 751, 752, 755, 756], "excluded_lines": [759, 760], "functions": {"HealthChecker.__init__": {"executed_lines": [], "summary": {"covered_lines": 0, "num_statements": 3, "percent_covered": 0.0, "percent_covered_display": "0.00", "missing_lines": 3, "excluded_lines": 0}, "missing_lines": [50, 51, 52], "excluded_lines": []}, "HealthChecker.check_deployment_health": {"executed_lines": [], "summary": {"covered_lines": 0, "num_statements": 23, "percent_covered": 0.0, "percent_covered_display": "0.00", "missing_lines": 23, "excluded_lines": 0}, "missing_lines": [59, 61, 63, 64, 67, 68, 71, 72, 75, 76, 79, 80, 82, 83, 87, 90, 91, 93, 95, 96, 97, 98, 99], "excluded_lines": []}, "HealthChecker._check_http_health": {"executed_lines": [], "summary": {"covered_lines": 0, "num_statements": 10, "percent_covered": 0.0, "percent_covered_display": "0.00", "missing_lines": 10, "excluded_lines": 0}, "missing_lines": [103, 105, 108, 109, 110, 112, 113, 115, 122, 123], "excluded_lines": []}, "HealthChecker._check_database_health": {"executed_lines": [], "summary": {"covered_lines": 0, "num_statements": 9, "percent_covered": 0.0, "percent_covered_display": "0.00", "missing_lines": 9, "excluded_lines": 0}, "missing_lines": [131, 133, 135, 136, 137, 139, 143, 152, 153], "excluded_lines": []}, "HealthChecker._check_resource_health": {"executed_lines": [], "summary": {"covered_lines": 0, "num_statements": 10, "percent_covered": 0.0, "percent_covered_display": "0.00", "missing_lines": 10, "excluded_lines": 0}, "missing_lines": [161, 163, 164, 165, 167, 168, 169, 171, 179, 180], "excluded_lines": []}, "HealthChecker._check_application_metrics": {"executed_lines": [], "summary": {"covered_lines": 0, "num_statements": 10, "percent_covered": 0.0, "percent_covered_display": "0.00", "missing_lines": 10, "excluded_lines": 0}, "missing_lines": [190, 192, 193, 194, 196, 197, 198, 200, 210, 211], "excluded_lines": []}, "BlueGreenDeployer.__init__": {"executed_lines": [], "summary": {"covered_lines": 0, "num_statements": 2, "percent_covered": 0.0, "percent_covered_display": "0.00", "missing_lines": 2, "excluded_lines": 0}, "missing_lines": [222, 223], "excluded_lines": []}, "BlueGreenDeployer.deploy": {"executed_lines": [], "summary": {"covered_lines": 0, "num_statements": 29, "percent_covered": 0.0, "percent_covered_display": "0.00", "missing_lines": 29, "excluded_lines": 0}, "missing_lines": [231, 232, 233, 235, 237, 239, 242, 245, 248, 249, 253, 254, 255, 266, 269, 270, 274, 276, 277, 282, 288, 290, 301, 302, 304, 315, 316, 317, 319], "excluded_lines": []}, "BlueGreenDeployer._deploy_to_slot": {"executed_lines": [], "summary": {"covered_lines": 0, "num_statements": 5, "percent_covered": 0.0, "percent_covered_display": "0.00", "missing_lines": 5, "excluded_lines": 0}, "missing_lines": [331, 334, 335, 336, 338], "excluded_lines": []}, "BlueGreenDeployer._switch_traffic_gradually": {"executed_lines": [], "summary": {"covered_lines": 0, "num_statements": 6, "percent_covered": 0.0, "percent_covered_display": "0.00", "missing_lines": 6, "excluded_lines": 0}, "missing_lines": [344, 347, 349, 350, 351, 356], "excluded_lines": []}, "BlueGreenDeployer._rollback_deployment": {"executed_lines": [], "summary": {"covered_lines": 0, "num_statements": 4, "percent_covered": 0.0, "percent_covered_display": "0.00", "missing_lines": 4, "excluded_lines": 0}, "missing_lines": [360, 363, 366, 372], "excluded_lines": []}, "BlueGreenDeployer._get_other_slot": {"executed_lines": [], "summary": {"covered_lines": 0, "num_statements": 1, "percent_covered": 0.0, "percent_covered_display": "0.00", "missing_lines": 1, "excluded_lines": 0}, "missing_lines": [376], "excluded_lines": []}, "BlueGreenDeployer.get_deployment_status": {"executed_lines": [], "summary": {"covered_lines": 0, "num_statements": 1, "percent_covered": 0.0, "percent_covered_display": "0.00", "missing_lines": 1, "excluded_lines": 0}, "missing_lines": [380], "excluded_lines": []}, "AutonomousDeploymentEngine.__init__": {"executed_lines": [], "summary": {"covered_lines": 0, "num_statements": 4, "percent_covered": 0.0, "percent_covered_display": "0.00", "missing_lines": 4, "excluded_lines": 0}, "missing_lines": [391, 392, 393, 396], "excluded_lines": []}, "AutonomousDeploymentEngine._load_deployment_configs": {"executed_lines": [], "summary": {"covered_lines": 0, "num_statements": 12, "percent_covered": 0.0, "percent_covered_display": "0.00", "missing_lines": 12, "excluded_lines": 0}, "missing_lines": [402, 433, 434, 435, 436, 437, 440, 441, 443, 444, 445, 447], "excluded_lines": []}, "AutonomousDeploymentEngine.analyze_deployment_readiness": {"executed_lines": [], "summary": {"covered_lines": 0, "num_statements": 8, "percent_covered": 0.0, "percent_covered_display": "0.00", "missing_lines": 8, "excluded_lines": 0}, "missing_lines": [452, 453, 458, 461, 464, 467, 470, 476], "excluded_lines": []}, "AutonomousDeploymentEngine._check_quality_gates": {"executed_lines": [], "summary": {"covered_lines": 0, "num_statements": 8, "percent_covered": 0.0, "percent_covered_display": "0.00", "missing_lines": 8, "excluded_lines": 0}, "missing_lines": [487, 489, 491, 492, 494, 496, 497, 498], "excluded_lines": []}, "AutonomousDeploymentEngine._calculate_deployment_success_rate": {"executed_lines": [], "summary": {"covered_lines": 0, "num_statements": 5, "percent_covered": 0.0, "percent_covered_display": "0.00", "missing_lines": 5, "excluded_lines": 0}, "missing_lines": [502, 503, 505, 506, 508], "excluded_lines": []}, "AutonomousDeploymentEngine._check_resource_availability": {"executed_lines": [], "summary": {"covered_lines": 0, "num_statements": 9, "percent_covered": 0.0, "percent_covered_display": "0.00", "missing_lines": 9, "excluded_lines": 0}, "missing_lines": [515, 518, 519, 520, 521, 523, 524, 525, 527], "excluded_lines": []}, "AutonomousDeploymentEngine.deploy_automatically": {"executed_lines": [], "summary": {"covered_lines": 0, "num_statements": 13, "percent_covered": 0.0, "percent_covered_display": "0.00", "missing_lines": 13, "excluded_lines": 0}, "missing_lines": [539, 542, 544, 545, 558, 559, 560, 563, 566, 569, 570, 573, 575], "excluded_lines": []}, "AutonomousDeploymentEngine._generate_deployment_report": {"executed_lines": [], "summary": {"covered_lines": 0, "num_statements": 7, "percent_covered": 0.0, "percent_covered_display": "0.00", "missing_lines": 7, "excluded_lines": 0}, "missing_lines": [582, 596, 597, 599, 600, 601, 603], "excluded_lines": []}, "AutonomousDeploymentEngine.get_deployment_analytics": {"executed_lines": [], "summary": {"covered_lines": 0, "num_statements": 11, "percent_covered": 0.0, "percent_covered_display": "0.00", "missing_lines": 11, "excluded_lines": 0}, "missing_lines": [608, 609, 612, 613, 614, 616, 617, 620, 625, 626, 630], "excluded_lines": []}, "AutonomousDeploymentEngine._calculate_deployment_frequency": {"executed_lines": [], "summary": {"covered_lines": 0, "num_statements": 7, "percent_covered": 0.0, "percent_covered_display": "0.00", "missing_lines": 7, "excluded_lines": 0}, "missing_lines": [643, 644, 646, 647, 649, 652, 654], "excluded_lines": []}, "AutonomousDeploymentEngine._analyze_health_trends": {"executed_lines": [], "summary": {"covered_lines": 0, "num_statements": 5, "percent_covered": 0.0, "percent_covered_display": "0.00", "missing_lines": 5, "excluded_lines": 0}, "missing_lines": [666, 668, 669, 670, 672], "excluded_lines": []}, "AutonomousDeploymentEngine._generate_deployment_recommendations": {"executed_lines": [], "summary": {"covered_lines": 0, "num_statements": 16, "percent_covered": 0.0, "percent_covered_display": "0.00", "missing_lines": 16, "excluded_lines": 0}, "missing_lines": [683, 685, 686, 688, 692, 693, 695, 698, 699, 701, 704, 705, 708, 709, 710, 714], "excluded_lines": []}, "main": {"executed_lines": [], "summary": {"covered_lines": 0, "num_statements": 18, "percent_covered": 0.0, "percent_covered_display": "0.00", "missing_lines": 18, "excluded_lines": 0}, "missing_lines": [724, 726, 727, 730, 731, 736, 740, 742, 744, 745, 746, 747, 749, 750, 751, 752, 755, 756], "excluded_lines": []}, "": {"executed_lines": [], "summary": {"covered_lines": 0, "num_statements": 57, "percent_covered": 0.0, "percent_covered_display": "0.00", "missing_lines": 57, "excluded_lines": 2}, "missing_lines": [6, 7, 8, 9, 10, 11, 12, 14, 16, 19, 20, 23, 24, 25, 26, 27, 28, 29, 32, 33, 36, 37, 38, 39, 40, 41, 42, 43, 46, 49, 54, 101, 129, 159, 186, 218, 221, 228, 329, 340, 358, 374, 378, 387, 390, 398, 449, 485, 500, 510, 534, 577, 605, 641, 664, 681, 722], "excluded_lines": [759, 760]}}, "classes": {"DeploymentConfig": {"executed_lines": [], "summary": {"covered_lines": 0, "num_statements": 0, "percent_covered": 100.0, "percent_covered_display": "100.00", "missing_lines": 0, "excluded_lines": 0}, "missing_lines": [], "excluded_lines": []}, "DeploymentResult": {"executed_lines": [], "summary": {"covered_lines": 0, "num_statements": 0, "percent_covered": 100.0, "percent_covered_display": "100.00", "missing_lines": 0, "excluded_lines": 0}, "missing_lines": [], "excluded_lines": []}, "HealthChecker": {"executed_lines": [], "summary": {"covered_lines": 0, "num_statements": 65, "percent_covered": 0.0, "percent_covered_display": "0.00", "missing_lines": 65, "excluded_lines": 0}, "missing_lines": [50, 51, 52, 59, 61, 63, 64, 67, 68, 71, 72, 75, 76, 79, 80, 82, 83, 87, 90, 91, 93, 95, 96, 97, 98, 99, 103, 105, 108, 109, 110, 112, 113, 115, 122, 123, 131, 133, 135, 136, 137, 139, 143, 152, 153, 161, 163, 164, 165, 167, 168, 169, 171, 179, 180, 190, 192, 193, 194, 196, 197, 198, 200, 210, 211], "excluded_lines": []}, "BlueGreenDeployer": {"executed_lines": [], "summary": {"covered_lines": 0, "num_statements": 48, "percent_covered": 0.0, "percent_covered_display": "0.00", "missing_lines": 48, "excluded_lines": 0}, "missing_lines": [222, 223, 231, 232, 233, 235, 237, 239, 242, 245, 248, 249, 253, 254, 255, 266, 269, 270, 274, 276, 277, 282, 288, 290, 301, 302, 304, 315, 316, 317, 319, 331, 334, 335, 336, 338, 344, 347, 349, 350, 351, 356, 360, 363, 366, 372, 376, 380], "excluded_lines": []}, "AutonomousDeploymentEngine": {"executed_lines": [], "summary": {"covered_lines": 0, "num_statements": 105, "percent_covered": 0.0, "percent_covered_display": "0.00", "missing_lines": 105, "excluded_lines": 0}, "missing_lines": [391, 392, 393, 396, 402, 433, 434, 435, 436, 437, 440, 441, 443, 444, 445, 447, 452, 453, 458, 461, 464, 467, 470, 476, 487, 489, 491, 492, 494, 496, 497, 498, 502, 503, 505, 506, 508, 515, 518, 519, 520, 521, 523, 524, 525, 527, 539, 542, 544, 545, 558, 559, 560, 563, 566, 569, 570, 573, 575, 582, 596, 597, 599, 600, 601, 603, 608, 609, 612, 613, 614, 616, 617, 620, 625, 626, 630, 643, 644, 646, 647, 649, 652, 654, 666, 668, 669, 670, 672, 683, 685, 686, 688, 692, 693, 695, 698, 699, 701, 704, 705, 708, 709, 710, 714], "excluded_lines": []}, "": {"executed_lines": [], "summary": {"covered_lines": 0, "num_statements": 75, "percent_covered": 0.0, "percent_covered_display": "0.00", "missing_lines": 75, "excluded_lines": 2}, "missing_lines": [6, 7, 8, 9, 10, 11, 12, 14, 16, 19, 20, 23, 24, 25, 26, 27, 28, 29, 32, 33, 36, 37, 38, 39, 40, 41, 42, 43, 46, 49, 54, 101, 129, 159, 186, 218, 221, 228, 329, 340, 358, 374, 378, 387, 390, 398, 449, 485, 500, 510, 534, 577, 605, 641, 664, 681, 722, 724, 726, 727, 730, 731, 736, 740, 742, 744, 745, 746, 747, 749, 750, 751, 752, 755, 756], "excluded_lines": [759, 760]}}}, "sql_synthesizer/autonomous_sdlc/enhanced_error_handling.py": {"executed_lines": [], "summary": {"covered_lines": 0, "num_statements": 244, "percent_covered": 0.0, "percent_covered_display": "0.00", "missing_lines": 244, "excluded_lines": 0}, "missing_lines": [6, 7, 8, 9, 10, 11, 12, 13, 15, 18, 19, 22, 23, 24, 25, 26, 27, 28, 29, 30, 33, 34, 37, 38, 39, 40, 41, 44, 47, 48, 49, 50, 51, 53, 57, 79, 101, 123, 144, 150, 151, 152, 157, 159, 160, 163, 164, 167, 171, 184, 187, 190, 191, 193, 195, 198, 208, 218, 220, 222, 223, 224, 225, 226, 227, 229, 231, 234, 235, 236, 237, 238, 239, 241, 243, 248, 251, 252, 255, 257, 258, 266, 267, 275, 276, 284, 285, 294, 296, 299, 304, 305, 306, 307, 308, 309, 311, 314, 315, 319, 322, 323, 325, 327, 328, 329, 330, 332, 333, 334, 335, 336, 339, 340, 341, 343, 344, 345, 347, 349, 352, 353, 356, 357, 359, 360, 361, 364, 367, 368, 370, 383, 386, 387, 389, 390, 391, 392, 393, 394, 395, 405, 406, 409, 411, 412, 413, 414, 417, 419, 420, 421, 422, 423, 424, 434, 435, 438, 439, 441, 443, 447, 450, 453, 459, 460, 461, 463, 464, 465, 466, 468, 470, 473, 474, 475, 476, 477, 479, 481, 482, 489, 490, 491, 492, 493, 494, 496, 498, 500, 502, 503, 505, 506, 507, 512, 513, 516, 517, 518, 522, 525, 528, 531, 532, 533, 534, 536, 539, 541, 542, 543, 549, 550, 551, 553, 554, 555, 558, 561, 562, 563, 567, 569, 572, 575, 576, 579, 583, 587, 589, 590, 591, 592, 594, 596, 599, 601, 603, 604, 605, 606, 608, 610], "excluded_lines": [], "functions": {"EnhancedErrorHandler.__init__": {"executed_lines": [], "summary": {"covered_lines": 0, "num_statements": 4, "percent_covered": 0.0, "percent_covered_display": "0.00", "missing_lines": 4, "excluded_lines": 0}, "missing_lines": [48, 49, 50, 51], "excluded_lines": []}, "EnhancedErrorHandler._setup_default_patterns": {"executed_lines": [], "summary": {"covered_lines": 0, "num_statements": 4, "percent_covered": 0.0, "percent_covered_display": "0.00", "missing_lines": 4, "excluded_lines": 0}, "missing_lines": [57, 79, 101, 123], "excluded_lines": []}, "EnhancedErrorHandler.handle_error": {"executed_lines": [], "summary": {"covered_lines": 0, "num_statements": 15, "percent_covered": 0.0, "percent_covered_display": "0.00", "missing_lines": 15, "excluded_lines": 0}, "missing_lines": [150, 151, 152, 157, 159, 160, 163, 164, 167, 171, 184, 187, 190, 191, 193], "excluded_lines": []}, "EnhancedErrorHandler._determine_severity": {"executed_lines": [], "summary": {"covered_lines": 0, "num_statements": 11, "percent_covered": 0.0, "percent_covered_display": "0.00", "missing_lines": 11, "excluded_lines": 0}, "missing_lines": [198, 208, 218, 220, 222, 223, 224, 225, 226, 227, 229], "excluded_lines": []}, "EnhancedErrorHandler._determine_user_impact": {"executed_lines": [], "summary": {"covered_lines": 0, "num_statements": 7, "percent_covered": 0.0, "percent_covered_display": "0.00", "missing_lines": 7, "excluded_lines": 0}, "missing_lines": [234, 235, 236, 237, 238, 239, 241], "excluded_lines": []}, "EnhancedErrorHandler._generate_recovery_suggestions": {"executed_lines": [], "summary": {"covered_lines": 0, "num_statements": 13, "percent_covered": 0.0, "percent_covered_display": "0.00", "missing_lines": 13, "excluded_lines": 0}, "missing_lines": [248, 251, 252, 255, 257, 258, 266, 267, 275, 276, 284, 285, 294], "excluded_lines": []}, "EnhancedErrorHandler._log_error": {"executed_lines": [], "summary": {"covered_lines": 0, "num_statements": 10, "percent_covered": 0.0, "percent_covered_display": "0.00", "missing_lines": 10, "excluded_lines": 0}, "missing_lines": [299, 304, 305, 306, 307, 308, 309, 311, 314, 315], "excluded_lines": []}, "EnhancedErrorHandler.attempt_auto_recovery": {"executed_lines": [], "summary": {"covered_lines": 0, "num_statements": 19, "percent_covered": 0.0, "percent_covered_display": "0.00", "missing_lines": 19, "excluded_lines": 0}, "missing_lines": [322, 323, 325, 327, 328, 329, 330, 332, 333, 334, 335, 336, 339, 340, 341, 343, 344, 345, 347], "excluded_lines": []}, "EnhancedErrorHandler.get_error_analytics": {"executed_lines": [], "summary": {"covered_lines": 0, "num_statements": 11, "percent_covered": 0.0, "percent_covered_display": "0.00", "missing_lines": 11, "excluded_lines": 0}, "missing_lines": [352, 353, 356, 357, 359, 360, 361, 364, 367, 368, 370], "excluded_lines": []}, "enhanced_error_handler": {"executed_lines": [], "summary": {"covered_lines": 0, "num_statements": 5, "percent_covered": 0.0, "percent_covered_display": "0.00", "missing_lines": 5, "excluded_lines": 0}, "missing_lines": [386, 387, 389, 390, 443], "excluded_lines": []}, "enhanced_error_handler.decorator": {"executed_lines": [], "summary": {"covered_lines": 0, "num_statements": 6, "percent_covered": 0.0, "percent_covered_display": "0.00", "missing_lines": 6, "excluded_lines": 0}, "missing_lines": [391, 419, 420, 438, 439, 441], "excluded_lines": []}, "enhanced_error_handler.decorator.async_wrapper": {"executed_lines": [], "summary": {"covered_lines": 0, "num_statements": 12, "percent_covered": 0.0, "percent_covered_display": "0.00", "missing_lines": 12, "excluded_lines": 0}, "missing_lines": [392, 393, 394, 395, 405, 406, 409, 411, 412, 413, 414, 417], "excluded_lines": []}, "enhanced_error_handler.decorator.sync_wrapper": {"executed_lines": [], "summary": {"covered_lines": 0, "num_statements": 6, "percent_covered": 0.0, "percent_covered_display": "0.00", "missing_lines": 6, "excluded_lines": 0}, "missing_lines": [421, 422, 423, 424, 434, 435], "excluded_lines": []}, "ResilientCircuitBreaker.__init__": {"executed_lines": [], "summary": {"covered_lines": 0, "num_statements": 8, "percent_covered": 0.0, "percent_covered_display": "0.00", "missing_lines": 8, "excluded_lines": 0}, "missing_lines": [459, 460, 461, 463, 464, 465, 466, 468], "excluded_lines": []}, "ResilientCircuitBreaker.call": {"executed_lines": [], "summary": {"covered_lines": 0, "num_statements": 28, "percent_covered": 0.0, "percent_covered_display": "0.00", "missing_lines": 28, "excluded_lines": 0}, "missing_lines": [473, 474, 475, 476, 477, 479, 481, 482, 489, 490, 491, 492, 493, 494, 496, 498, 500, 502, 503, 505, 506, 507, 512, 513, 516, 517, 518, 522], "excluded_lines": []}, "AdaptiveRetry.__init__": {"executed_lines": [], "summary": {"covered_lines": 0, "num_statements": 4, "percent_covered": 0.0, "percent_covered_display": "0.00", "missing_lines": 4, "excluded_lines": 0}, "missing_lines": [531, 532, 533, 534], "excluded_lines": []}, "AdaptiveRetry.execute": {"executed_lines": [], "summary": {"covered_lines": 0, "num_statements": 20, "percent_covered": 0.0, "percent_covered_display": "0.00", "missing_lines": 20, "excluded_lines": 0}, "missing_lines": [539, 541, 542, 543, 549, 550, 551, 553, 554, 555, 558, 561, 562, 563, 567, 569, 572, 575, 576, 579], "excluded_lines": []}, "resilient_circuit_breaker": {"executed_lines": [], "summary": {"covered_lines": 0, "num_statements": 4, "percent_covered": 0.0, "percent_covered_display": "0.00", "missing_lines": 4, "excluded_lines": 0}, "missing_lines": [587, 589, 590, 596], "excluded_lines": []}, "resilient_circuit_breaker.decorator": {"executed_lines": [], "summary": {"covered_lines": 0, "num_statements": 2, "percent_covered": 0.0, "percent_covered_display": "0.00", "missing_lines": 2, "excluded_lines": 0}, "missing_lines": [591, 594], "excluded_lines": []}, "resilient_circuit_breaker.decorator.wrapper": {"executed_lines": [], "summary": {"covered_lines": 0, "num_statements": 1, "percent_covered": 0.0, "percent_covered_display": "0.00", "missing_lines": 1, "excluded_lines": 0}, "missing_lines": [592], "excluded_lines": []}, "adaptive_retry": {"executed_lines": [], "summary": {"covered_lines": 0, "num_statements": 4, "percent_covered": 0.0, "percent_covered_display": "0.00", "missing_lines": 4, "excluded_lines": 0}, "missing_lines": [601, 603, 604, 610], "excluded_lines": []}, "adaptive_retry.decorator": {"executed_lines": [], "summary": {"covered_lines": 0, "num_statements": 2, "percent_covered": 0.0, "percent_covered_display": "0.00", "missing_lines": 2, "excluded_lines": 0}, "missing_lines": [605, 608], "excluded_lines": []}, "adaptive_retry.decorator.wrapper": {"executed_lines": [], "summary": {"covered_lines": 0, "num_statements": 1, "percent_covered": 0.0, "percent_covered_display": "0.00", "missing_lines": 1, "excluded_lines": 0}, "missing_lines": [606], "excluded_lines": []}, "": {"executed_lines": [], "summary": {"covered_lines": 0, "num_statements": 47, "percent_covered": 0.0, "percent_covered_display": "0.00", "missing_lines": 47, "excluded_lines": 0}, "missing_lines": [6, 7, 8, 9, 10, 11, 12, 13, 15, 18, 19, 22, 23, 24, 25, 26, 27, 28, 29, 30, 33, 34, 37, 38, 39, 40, 41, 44, 47, 53, 144, 195, 231, 243, 296, 319, 349, 383, 447, 450, 453, 470, 525, 528, 536, 583, 599], "excluded_lines": []}}, "classes": {"ErrorContext": {"executed_lines": [], "summary": {"covered_lines": 0, "num_statements": 0, "percent_covered": 100.0, "percent_covered_display": "100.00", "missing_lines": 0, "excluded_lines": 0}, "missing_lines": [], "excluded_lines": []}, "RecoveryAction": {"executed_lines": [], "summary": {"covered_lines": 0, "num_statements": 0, "percent_covered": 100.0, "percent_covered_display": "100.00", "missing_lines": 0, "excluded_lines": 0}, "missing_lines": [], "excluded_lines": []}, "EnhancedErrorHandler": {"executed_lines": [], "summary": {"covered_lines": 0, "num_statements": 94, "percent_covered": 0.0, "percent_covered_display": "0.00", "missing_lines": 94, "excluded_lines": 0}, "missing_lines": [48, 49, 50, 51, 57, 79, 101, 123, 150, 151, 152, 157, 159, 160, 163, 164, 167, 171, 184, 187, 190, 191, 193, 198, 208, 218, 220, 222, 223, 224, 225, 226, 227, 229, 234, 235, 236, 237, 238, 239, 241, 248, 251, 252, 255, 257, 258, 266, 267, 275, 276, 284, 285, 294, 299, 304, 305, 306, 307, 308, 309, 311, 314, 315, 322, 323, 325, 327, 328, 329, 330, 332, 333, 334, 335, 336, 339, 340, 341, 343, 344, 345, 347, 352, 353, 356, 357, 359, 360, 361, 364, 367, 368, 370], "excluded_lines": []}, "ResilientCircuitBreaker": {"executed_lines": [], "summary": {"covered_lines": 0, "num_statements": 36, "percent_covered": 0.0, "percent_covered_display": "0.00", "missing_lines": 36, "excluded_lines": 0}, "missing_lines": [459, 460, 461, 463, 464, 465, 466, 468, 473, 474, 475, 476, 477, 479, 481, 482, 489, 490, 491, 492, 493, 494, 496, 498, 500, 502, 503, 505, 506, 507, 512, 513, 516, 517, 518, 522], "excluded_lines": []}, "AdaptiveRetry": {"executed_lines": [], "summary": {"covered_lines": 0, "num_statements": 24, "percent_covered": 0.0, "percent_covered_display": "0.00", "missing_lines": 24, "excluded_lines": 0}, "missing_lines": [531, 532, 533, 534, 539, 541, 542, 543, 549, 550, 551, 553, 554, 555, 558, 561, 562, 563, 567, 569, 572, 575, 576, 579], "excluded_lines": []}, "": {"executed_lines": [], "summary": {"covered_lines": 0, "num_statements": 90, "percent_covered": 0.0, "percent_covered_display": "0.00", "missing_lines": 90, "excluded_lines": 0}, "missing_lines": [6, 7, 8, 9, 10, 11, 12, 13, 15, 18, 19, 22, 23, 24, 25, 26, 27, 28, 29, 30, 33, 34, 37, 38, 39, 40, 41, 44, 47, 53, 144, 195, 231, 243, 296, 319, 349, 383, 386, 387, 389, 390, 391, 392, 393, 394, 395, 405, 406, 409, 411, 412, 413, 414, 417, 419, 420, 421, 422, 423, 424, 434, 435, 438, 439, 441, 443, 447, 450, 453, 470, 525, 528, 536, 583, 587, 589, 590, 591, 592, 594, 596, 599, 601, 603, 604, 605, 606, 608, 610], "excluded_lines": []}}}, "sql_synthesizer/autonomous_sdlc/quality_gates.py": {"executed_lines": [], "summary": {"covered_lines": 0, "num_statements": 314, "percent_covered": 0.0, "percent_covered_display": "0.00", "missing_lines": 314, "excluded_lines": 12}, "missing_lines": [6, 7, 8, 9, 10, 11, 12, 14, 17, 18, 21, 22, 23, 24, 25, 26, 27, 42, 45, 46, 47, 49, 50, 52, 53, 54, 55, 56, 58, 60, 61, 64, 65, 68, 69, 72, 78, 79, 81, 82, 90, 91, 92, 93, 95, 97, 107, 109, 110, 119, 121, 122, 124, 125, 126, 130, 131, 133, 134, 136, 138, 139, 147, 149, 150, 153, 154, 156, 158, 159, 161, 163, 164, 171, 173, 176, 178, 183, 184, 187, 190, 191, 192, 194, 195, 197, 198, 199, 200, 201, 203, 205, 206, 209, 210, 213, 220, 221, 223, 224, 232, 233, 234, 235, 237, 239, 249, 251, 252, 263, 265, 266, 268, 269, 270, 272, 278, 279, 281, 282, 289, 291, 292, 300, 302, 303, 305, 306, 307, 308, 309, 313, 314, 316, 318, 319, 322, 325, 326, 327, 329, 330, 332, 333, 334, 335, 336, 338, 340, 341, 344, 345, 348, 349, 351, 352, 354, 355, 356, 359, 360, 362, 363, 364, 365, 367, 369, 379, 381, 382, 392, 395, 396, 397, 398, 399, 402, 408, 409, 410, 411, 412, 413, 414, 415, 417, 419, 420, 422, 424, 425, 434, 436, 439, 440, 441, 443, 444, 446, 455, 456, 465, 468, 469, 470, 472, 473, 475, 476, 477, 478, 479, 481, 483, 484, 487, 488, 491, 492, 493, 494, 495, 496, 497, 499, 501, 503, 504, 508, 509, 510, 511, 513, 515, 525, 527, 529, 530, 531, 538, 540, 543, 550, 556, 557, 560, 563, 564, 565, 571, 573, 575, 576, 578, 581, 582, 585, 586, 587, 596, 598, 601, 602, 603, 606, 608, 627, 631, 633, 635, 637, 638, 639, 642, 643, 652, 654, 656, 658, 661, 662, 671, 672, 673, 674, 675, 678, 679, 686, 687, 688, 689, 690, 692, 694, 698, 700, 702, 703, 704, 705, 707, 709, 712, 715, 716, 717, 720, 721, 724, 725, 726, 727, 729], "excluded_lines": [30, 31, 32, 33, 34, 35, 36, 37, 38, 39, 732, 733], "functions": {"QualityGate.execute": {"executed_lines": [], "summary": {"covered_lines": 0, "num_statements": 0, "percent_covered": 100.0, "percent_covered_display": "100.00", "missing_lines": 0, "excluded_lines": 2}, "missing_lines": [], "excluded_lines": [34, 35]}, "QualityGate.get_name": {"executed_lines": [], "summary": {"covered_lines": 0, "num_statements": 0, "percent_covered": 100.0, "percent_covered_display": "100.00", "missing_lines": 0, "excluded_lines": 2}, "missing_lines": [], "excluded_lines": [38, 39]}, "CodeQualityGate.__init__": {"executed_lines": [], "summary": {"covered_lines": 0, "num_statements": 2, "percent_covered": 0.0, "percent_covered_display": "0.00", "missing_lines": 2, "excluded_lines": 0}, "missing_lines": [46, 47], "excluded_lines": []}, "CodeQualityGate.get_name": {"executed_lines": [], "summary": {"covered_lines": 0, "num_statements": 1, "percent_covered": 0.0, "percent_covered_display": "0.00", "missing_lines": 1, "excluded_lines": 0}, "missing_lines": [50], "excluded_lines": []}, "CodeQualityGate.execute": {"executed_lines": [], "summary": {"covered_lines": 0, "num_statements": 22, "percent_covered": 0.0, "percent_covered_display": "0.00", "missing_lines": 22, "excluded_lines": 0}, "missing_lines": [53, 54, 55, 56, 58, 60, 61, 64, 65, 68, 69, 72, 78, 79, 81, 82, 90, 91, 92, 93, 95, 97], "excluded_lines": []}, "CodeQualityGate._run_ruff": {"executed_lines": [], "summary": {"covered_lines": 0, "num_statements": 12, "percent_covered": 0.0, "percent_covered_display": "0.00", "missing_lines": 12, "excluded_lines": 0}, "missing_lines": [109, 110, 119, 121, 122, 124, 125, 126, 130, 131, 133, 134], "excluded_lines": []}, "CodeQualityGate._run_black_check": {"executed_lines": [], "summary": {"covered_lines": 0, "num_statements": 10, "percent_covered": 0.0, "percent_covered_display": "0.00", "missing_lines": 10, "excluded_lines": 0}, "missing_lines": [138, 139, 147, 149, 150, 153, 154, 156, 158, 159], "excluded_lines": []}, "CodeQualityGate._run_mypy": {"executed_lines": [], "summary": {"covered_lines": 0, "num_statements": 8, "percent_covered": 0.0, "percent_covered_display": "0.00", "missing_lines": 8, "excluded_lines": 0}, "missing_lines": [163, 164, 171, 173, 176, 178, 183, 184], "excluded_lines": []}, "SecurityGate.__init__": {"executed_lines": [], "summary": {"covered_lines": 0, "num_statements": 2, "percent_covered": 0.0, "percent_covered_display": "0.00", "missing_lines": 2, "excluded_lines": 0}, "missing_lines": [191, 192], "excluded_lines": []}, "SecurityGate.get_name": {"executed_lines": [], "summary": {"covered_lines": 0, "num_statements": 1, "percent_covered": 0.0, "percent_covered_display": "0.00", "missing_lines": 1, "excluded_lines": 0}, "missing_lines": [195], "excluded_lines": []}, "SecurityGate.execute": {"executed_lines": [], "summary": {"covered_lines": 0, "num_statements": 20, "percent_covered": 0.0, "percent_covered_display": "0.00", "missing_lines": 20, "excluded_lines": 0}, "missing_lines": [198, 199, 200, 201, 203, 205, 206, 209, 210, 213, 220, 221, 223, 224, 232, 233, 234, 235, 237, 239], "excluded_lines": []}, "SecurityGate._run_bandit": {"executed_lines": [], "summary": {"covered_lines": 0, "num_statements": 13, "percent_covered": 0.0, "percent_covered_display": "0.00", "missing_lines": 13, "excluded_lines": 0}, "missing_lines": [251, 252, 263, 265, 266, 268, 269, 270, 272, 278, 279, 281, 282], "excluded_lines": []}, "SecurityGate._run_safety": {"executed_lines": [], "summary": {"covered_lines": 0, "num_statements": 15, "percent_covered": 0.0, "percent_covered_display": "0.00", "missing_lines": 15, "excluded_lines": 0}, "missing_lines": [291, 292, 300, 302, 303, 305, 306, 307, 308, 309, 313, 314, 316, 318, 319], "excluded_lines": []}, "TestCoverageGate.__init__": {"executed_lines": [], "summary": {"covered_lines": 0, "num_statements": 2, "percent_covered": 0.0, "percent_covered_display": "0.00", "missing_lines": 2, "excluded_lines": 0}, "missing_lines": [326, 327], "excluded_lines": []}, "TestCoverageGate.get_name": {"executed_lines": [], "summary": {"covered_lines": 0, "num_statements": 1, "percent_covered": 0.0, "percent_covered_display": "0.00", "missing_lines": 1, "excluded_lines": 0}, "missing_lines": [330], "excluded_lines": []}, "TestCoverageGate.execute": {"executed_lines": [], "summary": {"covered_lines": 0, "num_statements": 24, "percent_covered": 0.0, "percent_covered_display": "0.00", "missing_lines": 24, "excluded_lines": 0}, "missing_lines": [333, 334, 335, 336, 338, 340, 341, 344, 345, 348, 349, 351, 352, 354, 355, 356, 359, 360, 362, 363, 364, 365, 367, 369], "excluded_lines": []}, "TestCoverageGate._run_coverage": {"executed_lines": [], "summary": {"covered_lines": 0, "num_statements": 20, "percent_covered": 0.0, "percent_covered_display": "0.00", "missing_lines": 20, "excluded_lines": 0}, "missing_lines": [381, 382, 392, 395, 396, 397, 398, 399, 402, 408, 409, 410, 411, 412, 413, 414, 415, 417, 419, 420], "excluded_lines": []}, "TestCoverageGate._run_tests": {"executed_lines": [], "summary": {"covered_lines": 0, "num_statements": 12, "percent_covered": 0.0, "percent_covered_display": "0.00", "missing_lines": 12, "excluded_lines": 0}, "missing_lines": [424, 425, 434, 436, 439, 440, 441, 443, 444, 446, 455, 456], "excluded_lines": []}, "PerformanceGate.__init__": {"executed_lines": [], "summary": {"covered_lines": 0, "num_statements": 2, "percent_covered": 0.0, "percent_covered_display": "0.00", "missing_lines": 2, "excluded_lines": 0}, "missing_lines": [469, 470], "excluded_lines": []}, "PerformanceGate.get_name": {"executed_lines": [], "summary": {"covered_lines": 0, "num_statements": 1, "percent_covered": 0.0, "percent_covered_display": "0.00", "missing_lines": 1, "excluded_lines": 0}, "missing_lines": [473], "excluded_lines": []}, "PerformanceGate.execute": {"executed_lines": [], "summary": {"covered_lines": 0, "num_statements": 26, "percent_covered": 0.0, "percent_covered_display": "0.00", "missing_lines": 26, "excluded_lines": 0}, "missing_lines": [476, 477, 478, 479, 481, 483, 484, 487, 488, 491, 492, 493, 494, 495, 496, 497, 499, 501, 503, 504, 508, 509, 510, 511, 513, 515], "excluded_lines": []}, "PerformanceGate._run_benchmarks": {"executed_lines": [], "summary": {"covered_lines": 0, "num_statements": 10, "percent_covered": 0.0, "percent_covered_display": "0.00", "missing_lines": 10, "excluded_lines": 0}, "missing_lines": [527, 529, 530, 531, 538, 540, 543, 550, 556, 557], "excluded_lines": []}, "AutonomousQualityGateEngine.__init__": {"executed_lines": [], "summary": {"covered_lines": 0, "num_statements": 3, "percent_covered": 0.0, "percent_covered_display": "0.00", "missing_lines": 3, "excluded_lines": 0}, "missing_lines": [564, 565, 571], "excluded_lines": []}, "AutonomousQualityGateEngine.execute_all_gates": {"executed_lines": [], "summary": {"covered_lines": 0, "num_statements": 17, "percent_covered": 0.0, "percent_covered_display": "0.00", "missing_lines": 17, "excluded_lines": 0}, "missing_lines": [575, 576, 578, 581, 582, 585, 586, 587, 596, 598, 601, 602, 603, 606, 608, 627, 631], "excluded_lines": []}, "AutonomousQualityGateEngine._generate_healing_actions": {"executed_lines": [], "summary": {"covered_lines": 0, "num_statements": 7, "percent_covered": 0.0, "percent_covered_display": "0.00", "missing_lines": 7, "excluded_lines": 0}, "missing_lines": [635, 637, 638, 639, 642, 643, 652], "excluded_lines": []}, "AutonomousQualityGateEngine.auto_heal": {"executed_lines": [], "summary": {"covered_lines": 0, "num_statements": 18, "percent_covered": 0.0, "percent_covered_display": "0.00", "missing_lines": 18, "excluded_lines": 0}, "missing_lines": [656, 658, 661, 662, 671, 672, 673, 674, 675, 678, 679, 686, 687, 688, 689, 690, 692, 694], "excluded_lines": []}, "main": {"executed_lines": [], "summary": {"covered_lines": 0, "num_statements": 18, "percent_covered": 0.0, "percent_covered_display": "0.00", "missing_lines": 18, "excluded_lines": 0}, "missing_lines": [700, 702, 703, 704, 705, 707, 709, 712, 715, 716, 717, 720, 721, 724, 725, 726, 727, 729], "excluded_lines": []}, "": {"executed_lines": [], "summary": {"covered_lines": 0, "num_statements": 47, "percent_covered": 0.0, "percent_covered_display": "0.00", "missing_lines": 47, "excluded_lines": 8}, "missing_lines": [6, 7, 8, 9, 10, 11, 12, 14, 17, 18, 21, 22, 23, 24, 25, 26, 27, 42, 45, 49, 52, 107, 136, 161, 187, 190, 194, 197, 249, 289, 322, 325, 329, 332, 379, 422, 465, 468, 472, 475, 525, 560, 563, 573, 633, 654, 698], "excluded_lines": [30, 31, 32, 33, 36, 37, 732, 733]}}, "classes": {"QualityGateResult": {"executed_lines": [], "summary": {"covered_lines": 0, "num_statements": 0, "percent_covered": 100.0, "percent_covered_display": "100.00", "missing_lines": 0, "excluded_lines": 0}, "missing_lines": [], "excluded_lines": []}, "QualityGate": {"executed_lines": [], "summary": {"covered_lines": 0, "num_statements": 0, "percent_covered": 100.0, "percent_covered_display": "100.00", "missing_lines": 0, "excluded_lines": 4}, "missing_lines": [], "excluded_lines": [34, 35, 38, 39]}, "CodeQualityGate": {"executed_lines": [], "summary": {"covered_lines": 0, "num_statements": 55, "percent_covered": 0.0, "percent_covered_display": "0.00", "missing_lines": 55, "excluded_lines": 0}, "missing_lines": [46, 47, 50, 53, 54, 55, 56, 58, 60, 61, 64, 65, 68, 69, 72, 78, 79, 81, 82, 90, 91, 92, 93, 95, 97, 109, 110, 119, 121, 122, 124, 125, 126, 130, 131, 133, 134, 138, 139, 147, 149, 150, 153, 154, 156, 158, 159, 163, 164, 171, 173, 176, 178, 183, 184], "excluded_lines": []}, "SecurityGate": {"executed_lines": [], "summary": {"covered_lines": 0, "num_statements": 51, "percent_covered": 0.0, "percent_covered_display": "0.00", "missing_lines": 51, "excluded_lines": 0}, "missing_lines": [191, 192, 195, 198, 199, 200, 201, 203, 205, 206, 209, 210, 213, 220, 221, 223, 224, 232, 233, 234, 235, 237, 239, 251, 252, 263, 265, 266, 268, 269, 270, 272, 278, 279, 281, 282, 291, 292, 300, 302, 303, 305, 306, 307, 308, 309, 313, 314, 316, 318, 319], "excluded_lines": []}, "TestCoverageGate": {"executed_lines": [], "summary": {"covered_lines": 0, "num_statements": 59, "percent_covered": 0.0, "percent_covered_display": "0.00", "missing_lines": 59, "excluded_lines": 0}, "missing_lines": [326, 327, 330, 333, 334, 335, 336, 338, 340, 341, 344, 345, 348, 349, 351, 352, 354, 355, 356, 359, 360, 362, 363, 364, 365, 367, 369, 381, 382, 392, 395, 396, 397, 398, 399, 402, 408, 409, 410, 411, 412, 413, 414, 415, 417, 419, 420, 424, 425, 434, 436, 439, 440, 441, 443, 444, 446, 455, 456], "excluded_lines": []}, "PerformanceGate": {"executed_lines": [], "summary": {"covered_lines": 0, "num_statements": 39, "percent_covered": 0.0, "percent_covered_display": "0.00", "missing_lines": 39, "excluded_lines": 0}, "missing_lines": [469, 470, 473, 476, 477, 478, 479, 481, 483, 484, 487, 488, 491, 492, 493, 494, 495, 496, 497, 499, 501, 503, 504, 508, 509, 510, 511, 513, 515, 527, 529, 530, 531, 538, 540, 543, 550, 556, 557], "excluded_lines": []}, "AutonomousQualityGateEngine": {"executed_lines": [], "summary": {"covered_lines": 0, "num_statements": 45, "percent_covered": 0.0, "percent_covered_display": "0.00", "missing_lines": 45, "excluded_lines": 0}, "missing_lines": [564, 565, 571, 575, 576, 578, 581, 582, 585, 586, 587, 596, 598, 601, 602, 603, 606, 608, 627, 631, 635, 637, 638, 639, 642, 643, 652, 656, 658, 661, 662, 671, 672, 673, 674, 675, 678, 679, 686, 687, 688, 689, 690, 692, 694], "excluded_lines": []}, "": {"executed_lines": [], "summary": {"covered_lines": 0, "num_statements": 65, "percent_covered": 0.0, "percent_covered_display": "0.00", "missing_lines": 65, "excluded_lines": 8}, "missing_lines": [6, 7, 8, 9, 10, 11, 12, 14, 17, 18, 21, 22, 23, 24, 25, 26, 27, 42, 45, 49, 52, 107, 136, 161, 187, 190, 194, 197, 249, 289, 322, 325, 329, 332, 379, 422, 465, 468, 472, 475, 525, 560, 563, 573, 633, 654, 698, 700, 702, 703, 704, 705, 707, 709, 712, 715, 716, 717, 720, 721, 724, 725, 726, 727, 729], "excluded_lines": [30, 31, 32, 33, 36, 37, 732, 733]}}}, "sql_synthesizer/autonomous_sdlc/scaling_optimizer.py": {"executed_lines": [], "summary": {"covered_lines": 0, "num_statements": 271, "percent_covered": 0.0, "percent_covered_display": "0.00", "missing_lines": 271, "excluded_lines": 2}, "missing_lines": [6, 7, 8, 9, 10, 11, 12, 13, 15, 17, 20, 21, 24, 25, 26, 27, 28, 29, 30, 31, 32, 33, 34, 35, 38, 39, 42, 43, 44, 45, 46, 47, 48, 51, 54, 55, 56, 57, 65, 69, 70, 71, 72, 75, 76, 77, 78, 80, 95, 98, 99, 101, 103, 106, 107, 108, 110, 113, 115, 118, 120, 123, 125, 127, 128, 130, 132, 155, 158, 159, 161, 162, 164, 165, 168, 171, 172, 184, 185, 193, 194, 204, 205, 216, 224, 227, 228, 229, 232, 240, 243, 244, 254, 255, 258, 259, 260, 263, 270, 271, 274, 278, 279, 281, 285, 288, 289, 290, 291, 294, 295, 296, 297, 300, 301, 302, 303, 306, 307, 308, 309, 312, 313, 314, 315, 316, 317, 319, 321, 325, 328, 329, 330, 331, 334, 335, 338, 339, 340, 341, 342, 344, 346, 350, 353, 354, 356, 357, 360, 361, 362, 365, 368, 370, 372, 381, 382, 401, 402, 417, 418, 438, 452, 455, 456, 457, 458, 459, 460, 462, 464, 465, 467, 468, 470, 473, 476, 479, 482, 485, 495, 496, 498, 500, 501, 502, 504, 506, 507, 509, 514, 522, 523, 524, 527, 528, 529, 533, 535, 538, 540, 541, 543, 544, 545, 547, 549, 550, 552, 555, 556, 558, 561, 562, 564, 567, 568, 570, 573, 574, 576, 579, 580, 583, 584, 585, 588, 589, 590, 593, 594, 596, 611, 613, 615, 616, 618, 621, 622, 623, 628, 629, 630, 635, 636, 637, 640, 641, 642, 643, 647, 651, 653, 655, 656, 659, 662, 666, 668, 670, 672, 673, 674, 676, 677, 680, 683, 686, 687, 689, 690], "excluded_lines": [693, 694], "functions": {"PerformanceProfiler.__init__": {"executed_lines": [], "summary": {"covered_lines": 0, "num_statements": 3, "percent_covered": 0.0, "percent_covered_display": "0.00", "missing_lines": 3, "excluded_lines": 0}, "missing_lines": [55, 56, 57], "excluded_lines": []}, "PerformanceProfiler.collect_metrics": {"executed_lines": [], "summary": {"covered_lines": 0, "num_statements": 13, "percent_covered": 0.0, "percent_covered_display": "0.00", "missing_lines": 13, "excluded_lines": 0}, "missing_lines": [69, 70, 71, 72, 75, 76, 77, 78, 80, 95, 98, 99, 101], "excluded_lines": []}, "PerformanceProfiler._measure_response_time": {"executed_lines": [], "summary": {"covered_lines": 0, "num_statements": 3, "percent_covered": 0.0, "percent_covered_display": "0.00", "missing_lines": 3, "excluded_lines": 0}, "missing_lines": [106, 107, 108], "excluded_lines": []}, "PerformanceProfiler._measure_throughput": {"executed_lines": [], "summary": {"covered_lines": 0, "num_statements": 1, "percent_covered": 0.0, "percent_covered_display": "0.00", "missing_lines": 1, "excluded_lines": 0}, "missing_lines": [113], "excluded_lines": []}, "PerformanceProfiler._measure_error_rate": {"executed_lines": [], "summary": {"covered_lines": 0, "num_statements": 1, "percent_covered": 0.0, "percent_covered_display": "0.00", "missing_lines": 1, "excluded_lines": 0}, "missing_lines": [118], "excluded_lines": []}, "PerformanceProfiler._count_active_connections": {"executed_lines": [], "summary": {"covered_lines": 0, "num_statements": 1, "percent_covered": 0.0, "percent_covered_display": "0.00", "missing_lines": 1, "excluded_lines": 0}, "missing_lines": [123], "excluded_lines": []}, "PerformanceProfiler._calculate_baseline": {"executed_lines": [], "summary": {"covered_lines": 0, "num_statements": 4, "percent_covered": 0.0, "percent_covered_display": "0.00", "missing_lines": 4, "excluded_lines": 0}, "missing_lines": [127, 128, 130, 132], "excluded_lines": []}, "PerformanceProfiler.get_performance_trends": {"executed_lines": [], "summary": {"covered_lines": 0, "num_statements": 16, "percent_covered": 0.0, "percent_covered_display": "0.00", "missing_lines": 16, "excluded_lines": 0}, "missing_lines": [158, 159, 161, 162, 164, 165, 168, 171, 172, 184, 185, 193, 194, 204, 205, 216], "excluded_lines": []}, "IntelligentScaler.__init__": {"executed_lines": [], "summary": {"covered_lines": 0, "num_statements": 3, "percent_covered": 0.0, "percent_covered_display": "0.00", "missing_lines": 3, "excluded_lines": 0}, "missing_lines": [228, 229, 232], "excluded_lines": []}, "IntelligentScaler.analyze_scaling_needs": {"executed_lines": [], "summary": {"covered_lines": 0, "num_statements": 13, "percent_covered": 0.0, "percent_covered_display": "0.00", "missing_lines": 13, "excluded_lines": 0}, "missing_lines": [243, 244, 254, 255, 258, 259, 260, 263, 270, 271, 274, 278, 279], "excluded_lines": []}, "IntelligentScaler._calculate_scale_up_score": {"executed_lines": [], "summary": {"covered_lines": 0, "num_statements": 24, "percent_covered": 0.0, "percent_covered_display": "0.00", "missing_lines": 24, "excluded_lines": 0}, "missing_lines": [285, 288, 289, 290, 291, 294, 295, 296, 297, 300, 301, 302, 303, 306, 307, 308, 309, 312, 313, 314, 315, 316, 317, 319], "excluded_lines": []}, "IntelligentScaler._calculate_scale_down_score": {"executed_lines": [], "summary": {"covered_lines": 0, "num_statements": 13, 
[...]
 [], "functions": {"PaginationInfo.create": {"executed_lines": [], "summary": {"covered_lines": 0, "num_statements": 4, "percent_covered": 0.0, "percent_covered_display": "0.00", "missing_lines": 4, "excluded_lines": 0}, "missing_lines": [31, 32, 33, 35], "excluded_lines": []}, "PaginationInfo.to_dict": {"executed_lines": [], "summary": {"covered_lines": 0, "num_statements": 1, "percent_covered": 0.0, "percent_covered_display": "0.00", "missing_lines": 1, "excluded_lines": 0}, "missing_lines": [46], "excluded_lines": []}, "": {"executed_lines": [1, 3, 4, 5, 8, 9, 10, 12, 13, 14, 15, 16, 17, 19, 20, 44, 56, 57, 58, 60, 61, 62, 63], "summary": {"covered_lines": 20, "num_statements": 20, "percent_covered": 100.0, "percent_covered_display": "100.00", "missing_lines": 0, "excluded_lines": 0}, "missing_lines": [], "excluded_lines": []}}, "classes": {"PaginationInfo": {"executed_lines": [], "summary": {"covered_lines": 0, "num_statements": 5, "percent_covered": 0.0, "percent_covered_display": "0.00", "missing_lines": 5, "excluded_lines": 0}, "missing_lines": [31, 32, 33, 35, 46], "excluded_lines": []}, "QueryResult": {"executed_lines": [], "summary": {"covered_lines": 0, "num_statements": 0, "percent_covered": 100.0, "percent_covered_display": "100.00", "missing_lines": 0, "excluded_lines": 0}, "missing_lines": [], "excluded_lines": []}, "": {"executed_lines": [1, 3, 4, 5, 8, 9, 10, 12, 13, 14, 15, 16, 17, 19, 20, 44, 56, 57, 58, 60, 61, 62, 63], "summary": {"covered_lines": 20, "num_statements": 20, "percent_covered": 100.0, "percent_covered_display": "100.00", "missing_lines": 0, "excluded_lines": 0}, "missing_lines": [], "excluded_lines": []}}}, "sql_synthesizer/user_experience.py": {"executed_lines": [1, 3, 6, 7, 9, 21, 30, 49, 58, 67, 79, 88, 97, 106, 115, 134, 147, 158], "summary": {"covered_lines": 16, "num_statements": 58, "percent_covered": 27.586206896551722, "percent_covered_display": "27.59", "missing_lines": 42, "excluded_lines": 0}, "missing_lines": [10, 11, 12, 14, 15, 16, 18, 23, 34, 36, 37, 38, 39, 41, 42, 44, 46, 51, 60, 69, 71, 72, 74, 76, 81, 90, 99, 108, 117, 126, 127, 128, 129, 131, 136, 138, 139, 140, 141, 144, 149, 160], "excluded_lines": [], "functions": {"UserFriendlyError.__init__": {"executed_lines": [], "summary": {"covered_lines": 0, "num_statements": 7, "percent_covered": 0.0, "percent_covered_display": "0.00", "missing_lines": 7, "excluded_lines": 0}, "missing_lines": [10, 11, 12, 14, 15, 16, 18], "excluded_lines": []}, "create_empty_question_error": {"executed_lines": [], "summary": {"covered_lines": 0, "num_statements": 1, "percent_covered": 0.0, "percent_covered_display": "0.00", "missing_lines": 1, "excluded_lines": 0}, "missing_lines": [23], "excluded_lines": []}, "create_invalid_table_error": {"executed_lines": [], "summary": {"covered_lines": 0, "num_statements": 9, "percent_covered": 0.0, "percent_covered_display": "0.00", "missing_lines": 9, "excluded_lines": 0}, "missing_lines": [34, 36, 37, 38, 39, 41, 42, 44, 46], "excluded_lines": []}, "create_unsafe_input_error": {"executed_lines": [], "summary": {"covered_lines": 0, "num_statements": 1, "percent_covered": 0.0, "percent_covered_display": "0.00", "missing_lines": 1, "excluded_lines": 0}, "missing_lines": [51], "excluded_lines": []}, "create_question_too_long_error": {"executed_lines": [], "summary": {"covered_lines": 0, "num_statements": 1, "percent_covered": 0.0, "percent_covered_display": "0.00", "missing_lines": 1, "excluded_lines": 0}, "missing_lines": [60], "excluded_lines": []}, "create_invalid_sql_error": {"executed_lines": [], "summary": {"covered_lines": 0, "num_statements": 5, "percent_covered": 0.0, "percent_covered_display": "0.00", "missing_lines": 5, "excluded_lines": 0}, "missing_lines": [69, 71, 72, 74, 76], "excluded_lines": []}, "create_multiple_statements_error": {"executed_lines": [], "summary": {"covered_lines": 0, "num_statements": 1, "percent_covered": 0.0, "percent_covered_display": "0.00", "missing_lines": 1, "excluded_lines": 0}, "missing_lines": [81], "excluded_lines": []}, "create_openai_not_configured_error": {"executed_lines": [], "summary": {"covered_lines": 0, "num_statements": 1, "percent_covered": 0.0, "percent_covered_display": "0.00", "missing_lines": 1, "excluded_lines": 0}, "missing_lines": [90], "excluded_lines": []}, "create_openai_package_missing_error": {"executed_lines": [], "summary": {"covered_lines": 0, "num_statements": 1, "percent_covered": 0.0, "percent_covered_display": "0.00", "missing_lines": 1, "excluded_lines": 0}, "missing_lines": [99], "excluded_lines": []}, "create_invalid_question_type_error": {"executed_lines": [], "summary": {"covered_lines": 0, "num_statements": 1, "percent_covered": 0.0, "percent_covered_display": "0.00", "missing_lines": 1, "excluded_lines": 0}, "missing_lines": [108], "excluded_lines": []}, "suggest_natural_language_alternatives": {"executed_lines": [], "summary": {"covered_lines": 0, "num_statements": 6, "percent_covered": 0.0, "percent_covered_display": "0.00", "missing_lines": 6, "excluded_lines": 0}, "missing_lines": [117, 126, 127, 128, 129, 131], "excluded_lines": []}, "format_cli_error": {"executed_lines": [], "summary": {"covered_lines": 0, "num_statements": 6, "percent_covered": 0.0, "percent_covered_display": "0.00", "missing_lines": 6, "excluded_lines": 0}, "missing_lines": [136, 138, 139, 140, 141, 144], "excluded_lines": []}, "get_usage_examples": {"executed_lines": [], "summary": {"covered_lines": 0, "num_statements": 1, "percent_covered": 0.0, "percent_covered_display": "0.00", "missing_lines": 1, "excluded_lines": 0}, "missing_lines": [149], "excluded_lines": []}, "get_common_questions": {"executed_lines": [], "summary": {"covered_lines": 0, "num_statements": 1, "percent_covered": 0.0, "percent_covered_display": "0.00", "missing_lines": 1, "excluded_lines": 0}, "missing_lines": [160], "excluded_lines": []}, "": {"executed_lines": [1, 3, 6, 7, 9, 21, 30, 49, 58, 67, 79, 88, 97, 106, 115, 134, 147, 158], "summary": {"covered_lines": 16, "num_statements": 16, "percent_covered": 100.0, "percent_covered_display": "100.00", "missing_lines": 0, "excluded_lines": 0}, "missing_lines": [], "excluded_lines": []}}, "classes": {"UserFriendlyError": {"executed_lines": [], "summary": {"covered_lines": 0, "num_statements": 7, "percent_covered": 0.0, "percent_covered_display": "0.00", "missing_lines": 7, "excluded_lines": 0}, "missing_lines": [10, 11, 12, 14, 15, 16, 18], "excluded_lines": []}, "": {"executed_lines": [1, 3, 6, 7, 9, 21, 30, 49, 58, 67, 79, 88, 97, 106, 115, 134, 147, 158], "summary": {"covered_lines": 16, "num_statements": 51, "percent_covered": 31.372549019607842, "percent_covered_display": "31.37", "missing_lines": 35, "excluded_lines": 0}, "missing_lines": [23, 34, 36, 37, 38, 39, 41, 42, 44, 46, 51, 60, 69, 71, 72, 74, 76, 81, 90, 99, 108, 117, 126, 127, 128, 129, 131, 136, 138, 139, 140, 141, 144, 149, 160], "excluded_lines": []}}}, "sql_synthesizer/utils/helpers.py": {"executed_lines": [], "summary": {"covered_lines": 0, "num_statements": 77, "percent_covered": 0.0, "percent_covered_display": "0.00", "missing_lines": 77, "excluded_lines": 0}, "missing_lines": [3, 4, 5, 8, 10, 11, 12, 13, 15, 16, 17, 20, 22, 23, 25, 28, 30, 31, 32, 33, 34, 37, 39, 51, 54, 57, 60, 63, 66, 68, 71, 73, 74, 77, 80, 82, 85, 88, 97, 98, 99, 101, 112, 114, 117, 120, 121, 122, 124, 127, 130, 134, 136, 137, 139, 140, 141, 142, 143, 145, 148, 152, 153, 154, 157, 158, 160, 161, 162, 165, 167, 168, 169, 170, 171, 172, 174], "excluded_lines": [], "functions": {"format_duration": {"executed_lines": [], "summary": {"covered_lines": 0, "num_statements": 7, "percent_covered": 0.0, "percent_covered_display": "0.00", "missing_lines": 7, "excluded_lines": 0}, "missing_lines": [10, 11, 12, 13, 15, 16, 17], "excluded_lines": []}, "truncate_string": {"executed_lines": [], "summary": {"covered_lines": 0, "num_statements": 3, "percent_covered": 0.0, "percent_covered_display": "0.00", "missing_lines": 3, "excluded_lines": 0}, "missing_lines": [22, 23, 25], "excluded_lines": []}, "safe_json_dumps": {"executed_lines": [], "summary": {"covered_lines": 0, "num_statements": 5, "percent_covered": 0.0, "percent_covered_display": "0.00", "missing_lines": 5, "excluded_lines": 0}, "missing_lines": [30, 31, 32, 33, 34], "excluded_lines": []}, "extract_client_info": {"executed_lines": [], "summary": {"covered_lines": 0, "num_statements": 1, "percent_covered": 0.0, "percent_covered_display": "0.00", "missing_lines": 1, "excluded_lines": 0}, "missing_lines": [39], "excluded_lines": []}, "sanitize_error_message": {"executed_lines": [], "summary": {"covered_lines": 0, "num_statements": 6, "percent_covered": 0.0, "percent_covered_display": "0.00", "missing_lines": 6, "excluded_lines": 0}, "missing_lines": [54, 57, 60, 63, 66, 68], "excluded_lines": []}, "normalize_sql": {"executed_lines": [], "summary": {"covered_lines": 0, "num_statements": 5, "percent_covered": 0.0, "percent_covered_display": "0.00", "missing_lines": 5, "excluded_lines": 0}, "missing_lines": [73, 74, 77, 80, 82], "excluded_lines": []}, "parse_database_url": {"executed_lines": [], "summary": {"covered_lines": 0, "num_statements": 5, "percent_covered": 0.0, "percent_covered_display": "0.00", "missing_lines": 5, "excluded_lines": 0}, "missing_lines": [88, 97, 98, 99, 101], "excluded_lines": []}, "calculate_cache_key": {"executed_lines": [], "summary": {"covered_lines": 0, "num_statements": 7, "percent_covered": 0.0, "percent_covered_display": "0.00", "missing_lines": 7, "excluded_lines": 0}, "missing_lines": [114, 117, 120, 121, 122, 124, 127], "excluded_lines": []}, "format_table_info": {"executed_lines": [], "summary": {"covered_lines": 0, "num_statements": 9, "percent_covered": 0.0, "percent_covered_display": "0.00", "missing_lines": 9, "excluded_lines": 0}, "missing_lines": [134, 136, 137, 139, 140, 141, 142, 143, 145], "excluded_lines": []}, "validate_pagination_params": {"executed_lines": [], "summary": {"covered_lines": 0, "num_statements": 8, "percent_covered": 0.0, "percent_covered_display": "0.00", "missing_lines": 8, "excluded_lines": 0}, "missing_lines": [152, 153, 154, 157, 158, 160, 161, 162], "excluded_lines": []}, "format_file_size": {"executed_lines": [], "summary": {"covered_lines": 0, "num_statements": 7, "percent_covered": 0.0, "percent_covered_display": "0.00", "missing_lines": 7, "excluded_lines": 0}, "missing_lines": [167, 168, 169, 170, 171, 172, 174], "excluded_lines": []}, "": {"executed_lines": [], "summary": {"covered_lines": 0, "num_statements": 14, "percent_covered": 0.0, "percent_covered_display": "0.00", "missing_lines": 14, "excluded_lines": 0}, "missing_lines": [3, 4, 5, 8, 20, 28, 37, 51, 71, 85, 112, 130, 148, 165], "excluded_lines": []}}, "classes": {"": {"executed_lines": [], "summary": {"covered_lines": 0, "num_statements": 77, "percent_covered": 0.0, "percent_covered_display": "0.00", "missing_lines": 77, "excluded_lines": 0}, "missing_lines": [3, 4, 5, 8, 10, 11, 12, 13, 15, 16, 17, 20, 22, 23, 25, 28, 30, 31, 32, 33, 34, 37, 39, 51, 54, 57, 60, 63, 66, 68, 71, 73, 74, 77, 80, 82, 85, 88, 97, 98, 99, 101, 112, 114, 117, 120, 121, 122, 124, 127, 130, 134, 136, 137, 139, 140, 141, 142, 143, 145, 148, 152, 153, 154, 157, 158, 160, 161, 162, 165, 167, 168, 169, 170, 171, 172, 174], "excluded_lines": []}}}, "sql_synthesizer/utils/validators.py": {"executed_lines": [], "summary": {"covered_lines": 0, "num_statements": 53, "percent_covered": 0.0, "percent_covered_display": "0.00", "missing_lines": 53, "excluded_lines": 0}, "missing_lines": [3, 4, 5, 8, 24, 27, 28, 29, 32, 34, 37, 39, 40, 43, 44, 47, 64, 67, 69, 70, 73, 76, 79, 82, 84, 87, 89, 90, 92, 95, 97, 98, 100, 102, 103, 104, 115, 117, 120, 122, 123, 125, 128, 130, 131, 134, 138, 141, 143, 144, 145, 146, 147], "excluded_lines": [], "functions": {"validate_query_length": {"executed_lines": [], "summary": {"covered_lines": 0, "num_statements": 1, "percent_covered": 0.0, "percent_covered_display": "0.00", "missing_lines": 1, "excluded_lines": 0}, "missing_lines": [34], "excluded_lines": []}, "validate_table_name": {"executed_lines": [], "summary": {"covered_lines": 0, "num_statements": 6, "percent_covered": 0.0, "percent_covered_display": "0.00", "missing_lines": 6, "excluded_lines": 0}, "missing_lines": [39, 40, 43, 44, 47, 64], "excluded_lines": []}, "sanitize_input": {"executed_lines": [], "summary": {"covered_lines": 0, "num_statements": 7, "percent_covered": 0.0, "percent_covered_display": "0.00", "missing_lines": 7, "excluded_lines": 0}, "missing_lines": [69, 70, 73, 76, 79, 82, 84], "excluded_lines": []}, "is_safe_sql_identifier": {"executed_lines": [], "summary": {"covered_lines": 0, "num_statements": 3, "percent_covered": 0.0, "percent_covered_display": "0.00", "missing_lines": 3, "excluded_lines": 0}, "missing_lines": [89, 90, 92], "excluded_lines": []}, "contains_sql_injection_pattern": {"executed_lines": [], "summary": {"covered_lines": 0, "num_statements": 8, "percent_covered": 0.0, "percent_covered_display": "0.00", "missing_lines": 8, "excluded_lines": 0}, "missing_lines": [97, 98, 100, 102, 103, 104, 115, 117], "excluded_lines": []}, "validate_column_list": {"executed_lines": [], "summary": {"covered_lines": 0, "num_statements": 3, "percent_covered": 0.0, "percent_covered_display": "0.00", "missing_lines": 3, "excluded_lines": 0}, "missing_lines": [122, 123, 125], "excluded_lines": []}, "validate_order_by_clause": {"executed_lines": [], "summary": {"covered_lines": 0, "num_statements": 4, "percent_covered": 0.0, "percent_covered_display": "0.00", "missing_lines": 4, "excluded_lines": 0}, "missing_lines": [130, 131, 134, 138], "excluded_lines": []}, "validate_limit_clause": {"executed_lines": [], "summary": {"covered_lines": 0, "num_statements": 5, "percent_covered": 0.0, "percent_covered_display": "0.00", "missing_lines": 5, "excluded_lines": 0}, "missing_lines": [143, 144, 145, 146, 147], "excluded_lines": []}, "": {"executed_lines": [], "summary": {"covered_lines": 0, "num_statements": 16, "percent_covered": 0.0, "percent_covered_display": "0.00", "missing_lines": 16, "excluded_lines": 0}, "missing_lines": [3, 4, 5, 8, 24, 27, 28, 29, 32, 37, 67, 87, 95, 120, 128, 141], "excluded_lines": []}}, "classes": {"": {"executed_lines": [], "summary": {"covered_lines": 0, "num_statements": 53, "percent_covered": 0.0, "percent_covered_display": "0.00", "missing_lines": 53, "excluded_lines": 0}, "missing_lines": [3, 4, 5, 8, 24, 27, 28, 29, 32, 34, 37, 39, 40, 43, 44, 47, 64, 67, 69, 70, 73, 76, 79, 82, 84, 87, 89, 90, 92, 95, 97, 98, 100, 102, 103, 104, 115, 117, 120, 122, 123, 125, 128, 130, 131, 134, 138, 141, 143, 144, 145, 146, 147], "excluded_lines": []}}}, "sql_synthesizer/webapp.py": {"executed_lines": [1, 3, 5, 6, 8, 9, 10, 11, 15, 19, 20, 21, 23, 26, 641, 654], "summary": {"covered_lines": 14, "num_statements": 169, "percent_covered": 8.284023668639053, "percent_covered_display": "8.28", "missing_lines": 155, "excluded_lines": 2}, "missing_lines": [27, 30, 31, 33, 34, 35, 37, 38, 39, 40, 42, 47, 50, 51, 52, 53, 64, 66, 67, 68, 75, 76, 77, 78, 79, 80, 81, 82, 83, 84, 85, 86, 87, 88, 89, 90, 91, 92, 93, 94, 95, 98, 99, 100, 101, 102, 103, 104, 105, 106, 107, 108, 109, 112, 113, 120, 121, 123, 124, 125, 127, 128, 129, 132, 133, 134, 135, 137, 140, 141, 142, 145, 148, 150, 151, 152, 159, 160, 161, 165, 166, 167, 173, 174, 175, 176, 177, 178, 179, 180, 181, 189, 190, 191, 192, 193, 194, 198, 199, 200, 204, 205, 206, 207, 208, 209, 210, 211, 212, 214, 215, 217, 218, 219, 222, 223, 226, 230, 244, 246, 247, 248, 258, 259, 260, 270, 271, 272, 276, 277, 278, 282, 283, 284, 295, 296, 298, 299, 301, 302, 304, 595, 597, 598, 600, 636, 638, 642, 644, 645, 646, 647, 649, 650, 651], "excluded_lines": [654, 655], "functions": {"create_app": {"executed_lines": [], "summary": {"covered_lines": 0, "num_statements": 16, "percent_covered": 0.0, "percent_covered_display": "0.00", "missing_lines": 16, "excluded_lines": 0}, "missing_lines": [27, 30, 31, 33, 34, 120, 121, 214, 215, 295, 296, 301, 302, 597, 598, 638], "excluded_lines": []}, "create_app.index": {"executed_lines": [], "summary": {"covered_lines": 0, "num_statements": 50, "percent_covered": 0.0, "percent_covered_display": "0.00", "missing_lines": 50, "excluded_lines": 0}, "missing_lines": [35, 37, 38, 39, 40, 42, 47, 50, 51, 52, 53, 64, 66, 67, 68, 75, 76, 77, 78, 79, 80, 81, 82, 83, 84, 85, 86, 87, 88, 89, 90, 91, 92, 93, 94, 95, 98, 99, 100, 101, 102, 103, 104, 105, 106, 107, 108, 109, 112, 113], "excluded_lines": []}, "create_app.api_query": {"executed_lines": [], "summary": {"covered_lines": 0, "num_statements": 52, "percent_covered": 0.0, "percent_covered_display": "0.00", "missing_lines": 52, "excluded_lines": 0}, "missing_lines": [123, 124, 125, 127, 128, 129, 132, 133, 134, 135, 137, 140, 141, 142, 145, 148, 150, 151, 152, 159, 160, 161, 165, 166, 167, 173, 174, 175, 176, 177, 178, 179, 180, 181, 189, 190, 191, 192, 193, 194, 198, 199, 200, 204, 205, 206, 207, 208, 209, 210, 211, 212], "excluded_lines": []}, "create_app.health": {"executed_lines": [], "summary": {"covered_lines": 0, "num_statements": 23, "percent_covered": 0.0, "percent_covered_display": "0.00", "missing_lines": 23, "excluded_lines": 0}, "missing_lines": [217, 218, 219, 222, 223, 226, 230, 244, 246, 247, 248, 258, 259, 260, 270, 271, 272, 276, 277, 278, 282, 283, 284], "excluded_lines": []}, "create_app.metrics": {"executed_lines": [], "summary": {"covered_lines": 0, "num_statements": 2, "percent_covered": 0.0, "percent_covered_display": "0.00", "missing_lines": 2, "excluded_lines": 0}, "missing_lines": [298, 299], "excluded_lines": []}, "create_app.openapi_schema": {"executed_lines": [], "summary": {"covered_lines": 0, "num_statements": 2, "percent_covered": 0.0, "percent_covered_display": "0.00", "missing_lines": 2, "excluded_lines": 0}, "missing_lines": [304, 595], "excluded_lines": []}, "create_app.swagger_ui": {"executed_lines": [], "summary": {"covered_lines": 0, "num_statements": 2, "percent_covered": 0.0, "percent_covered_display": "0.00", "missing_lines": 2, "excluded_lines": 0}, "missing_lines": [600, 636], "excluded_lines": []}, "main": {"executed_lines": [], "summary": {"covered_lines": 0, "num_statements": 8, "percent_covered": 0.0, "percent_covered_display": "0.00", "missing_lines": 8, "excluded_lines": 0}, "missing_lines": [642, 644, 645, 646, 647, 649, 650, 651], "excluded_lines": []}, "": {"executed_lines": [1, 3, 5, 6, 8, 9, 10, 11, 15, 19, 20, 21, 23, 26, 641, 654], "summary": {"covered_lines": 14, "num_statements": 14, "percent_covered": 100.0, "percent_covered_display": "100.00", "missing_lines": 0, "excluded_lines": 2}, "missing_lines": [], "excluded_lines": [654, 655]}}, "classes": {"": {"executed_lines": [1, 3, 5, 6, 8, 9, 10, 11, 15, 19, 20, 21, 23, 26, 641, 654], "summary": {"covered_lines": 14, "num_statements": 169, "percent_covered": 8.284023668639053, "percent_covered_display": "8.28", "missing_lines": 155, "excluded_lines": 2}, "missing_lines": [27, 30, 31, 33, 34, 35, 37, 38, 39, 40, 42, 47, 50, 51, 52, 53, 64, 66, 67, 68, 75, 76, 77, 78, 79, 80, 81, 82, 83, 84, 85, 86, 87, 88, 89, 90, 91, 92, 93, 94, 95, 98, 99, 100, 101, 102, 103, 104, 105, 106, 107, 108, 109, 112, 113, 120, 121, 123, 124, 125, 127, 128, 129, 132, 133, 134, 135, 137, 140, 141, 142, 145, 148, 150, 151, 152, 159, 160, 161, 165, 166, 167, 173, 174, 175, 176, 177, 178, 179, 180, 181, 189, 190, 191, 192, 193, 194, 198, 199, 200, 204, 205, 206, 207, 208, 209, 210, 211, 212, 214, 215, 217, 218, 219, 222, 223, 226, 230, 244, 246, 247, 248, 258, 259, 260, 270, 271, 272, 276, 277, 278, 282, 283, 284, 295, 296, 298, 299, 301, 302, 304, 595, 597, 598, 600, 636, 638, 642, 644, 645, 646, 647, 649, 650, 651], "excluded_lines": [654, 655]}}}}, "totals": {"covered_lines": 1039, "num_statements": 13689, "percent_covered": 7.590035795164001, "percent_covered_display": "7.59", "missing_lines": 12650, "excluded_lines": 115}}